# JRE version: 7.0_21-b02
# Java VM: OpenJDK Server VM (23.7-b01 mixed mode linux-x86 )
Heap
 PSYoungGen      total 187456K, used 94849K [0x9de80000, 0xac880000, 0xb33d0000)
  eden space 136576K, 44% used [0x9de80000,0xa197d820,0xa63e0000)
  from space 50880K, 67% used [0xa95f0000,0xab792e60,0xac7a0000)
  to   space 51264K, 0% used [0xa63e0000,0xa63e0000,0xa95f0000)
 ParOldGen       total 57984K, used 34598K [0x733d0000, 0x76c70000, 0x9de80000)
  object space 57984K, 59% used [0x733d0000,0x755998d8,0x76c70000)
 PSPermGen       total 16640K, used 8302K [0x6b3d0000, 0x6c410000, 0x733d0000)
  object space 16640K, 49% used [0x6b3d0000,0x6bbebb90,0x6c410000)
GC Heap History (10 events):
Event: 17.676 GC heap before
{Heap before GC invocations=21 (full 1):
 PSYoungGen      total 154752K, used 146659K [0x9de80000, 0xab3e0000, 0xb33d0000)
  eden space 109056K, 100% used [0x9de80000,0xa4900000,0xa4900000)
  from space 45696K, 82% used [0xa4900000,0xa6db8e20,0xa75a0000)
  to   space 49088K, 0% used [0xa83f0000,0xa83f0000,0xab3e0000)
 ParOldGen       total 57984K, used 34574K [0x733d0000, 0x76c70000, 0x9de80000)
  object space 57984K, 59% used [0x733d0000,0x755938d8,0x76c70000)
 PSPermGen       total 16640K, used 8269K [0x6b3d0000, 0x6c410000, 0x733d0000)
  object space 16640K, 49% used [0x6b3d0000,0x6bbe3420,0x6c410000)
Event: 17.683 GC heap after
Heap after GC invocations=21 (full 1):
 PSYoungGen      total 166784K, used 37651K [0x9de80000, 0xab880000, 0xb33d0000)
  eden space 117696K, 0% used [0x9de80000,0x9de80000,0xa5170000)
  from space 49088K, 76% used [0xa83f0000,0xaa8b4e20,0xab3e0000)
  to   space 51712K, 0% used [0xa5170000,0xa5170000,0xa83f0000)
 ParOldGen       total 57984K, used 34578K [0x733d0000, 0x76c70000, 0x9de80000)
  object space 57984K, 59% used [0x733d0000,0x755948d8,0x76c70000)
 PSPermGen       total 16640K, used 8269K [0x6b3d0000, 0x6c410000, 0x733d0000)
  object space 16640K, 49% used [0x6b3d0000,0x6bbe3420,0x6c410000)
}
Event: 19.101 GC heap before
{Heap before GC invocations=22 (full 1):
 PSYoungGen      total 166784K, used 155347K [0x9de80000, 0xab880000, 0xb33d0000)
  eden space 117696K, 100% used [0x9de80000,0xa5170000,0xa5170000)
  from space 49088K, 76% used [0xa83f0000,0xaa8b4e20,0xab3e0000)
  to   space 51712K, 0% used [0xa5170000,0xa5170000,0xa83f0000)
 ParOldGen       total 57984K, used 34578K [0x733d0000, 0x76c70000, 0x9de80000)
  object space 57984K, 59% used [0x733d0000,0x755948d8,0x76c70000)
 PSPermGen       total 16640K, used 8269K [0x6b3d0000, 0x6c410000, 0x733d0000)
  object space 16640K, 49% used [0x6b3d0000,0x6bbe34c8,0x6c410000)
Event: 19.106 GC heap after
Heap after GC invocations=22 (full 1):
 PSYoungGen      total 169408K, used 33157K [0x9de80000, 0xac170000, 0xb33d0000)
  eden space 117696K, 0% used [0x9de80000,0x9de80000,0xa5170000)
  from space 51712K, 64% used [0xa5170000,0xa71d15e0,0xa83f0000)
  to   space 52032K, 0% used [0xa8ea0000,0xa8ea0000,0xac170000)
 ParOldGen       total 57984K, used 34582K [0x733d0000, 0x76c70000, 0x9de80000)
  object space 57984K, 59% used [0x733d0000,0x755958d8,0x76c70000)
 PSPermGen       total 16640K, used 8269K [0x6b3d0000, 0x6c410000, 0x733d0000)
  object space 16640K, 49% used [0x6b3d0000,0x6bbe34c8,0x6c410000)
}
Event: 21.424 GC heap before
{Heap before GC invocations=23 (full 1):
 PSYoungGen      total 169408K, used 150853K [0x9de80000, 0xac170000, 0xb33d0000)
  eden space 117696K, 100% used [0x9de80000,0xa5170000,0xa5170000)
  from space 51712K, 64% used [0xa5170000,0xa71d15e0,0xa83f0000)
  to   space 52032K, 0% used [0xa8ea0000,0xa8ea0000,0xac170000)
 ParOldGen       total 57984K, used 34582K [0x733d0000, 0x76c70000, 0x9de80000)
  object space 57984K, 59% used [0x733d0000,0x755958d8,0x76c70000)
 PSPermGen       total 16640K, used 8270K [0x6b3d0000, 0x6c410000, 0x733d0000)
  object space 16640K, 49% used [0x6b3d0000,0x6bbe3a88,0x6c410000)
Event: 21.429 GC heap after
Heap after GC invocations=23 (full 1):
 PSYoungGen      total 175104K, used 29279K [0x9de80000, 0xabd90000, 0xb33d0000)
  eden space 127040K, 0% used [0x9de80000,0x9de80000,0xa5a90000)
  from space 48064K, 60% used [0xa8ea0000,0xaab37fb0,0xabd90000)
  to   space 50688K, 0% used [0xa5a90000,0xa5a90000,0xa8c10000)
 ParOldGen       total 57984K, used 34582K [0x733d0000, 0x76c70000, 0x9de80000)
  object space 57984K, 59% used [0x733d0000,0x755958d8,0x76c70000)
 PSPermGen       total 16640K, used 8270K [0x6b3d0000, 0x6c410000, 0x733d0000)
  object space 16640K, 49% used [0x6b3d0000,0x6bbe3a88,0x6c410000)
}
Event: 22.533 GC heap before
{Heap before GC invocations=24 (full 1):
 PSYoungGen      total 175104K, used 156319K [0x9de80000, 0xabd90000, 0xb33d0000)
  eden space 127040K, 100% used [0x9de80000,0xa5a90000,0xa5a90000)
  from space 48064K, 60% used [0xa8ea0000,0xaab37fb0,0xabd90000)
  to   space 50688K, 0% used [0xa5a90000,0xa5a90000,0xa8c10000)
 ParOldGen       total 57984K, used 34582K [0x733d0000, 0x76c70000, 0x9de80000)
  object space 57984K, 59% used [0x733d0000,0x755958d8,0x76c70000)
 PSPermGen       total 16640K, used 8280K [0x6b3d0000, 0x6c410000, 0x733d0000)
  object space 16640K, 49% used [0x6b3d0000,0x6bbe62e0,0x6c410000)
Event: 22.538 GC heap after
Heap after GC invocations=24 (full 1):
 PSYoungGen      total 177728K, used 33295K [0x9de80000, 0xac7a0000, 0xb33d0000)
  eden space 127040K, 0% used [0x9de80000,0x9de80000,0xa5a90000)
  from space 50688K, 65% used [0xa5a90000,0xa7b13e40,0xa8c10000)
  to   space 50880K, 0% used [0xa95f0000,0xa95f0000,0xac7a0000)
 ParOldGen       total 57984K, used 34582K [0x733d0000, 0x76c70000, 0x9de80000)
  object space 57984K, 59% used [0x733d0000,0x755958d8,0x76c70000)
 PSPermGen       total 16640K, used 8280K [0x6b3d0000, 0x6c410000, 0x733d0000)
  object space 16640K, 49% used [0x6b3d0000,0x6bbe62e0,0x6c410000)
}
Event: 23.640 GC heap before
{Heap before GC invocations=25 (full 1):
 PSYoungGen      total 177728K, used 160335K [0x9de80000, 0xac7a0000, 0xb33d0000)
  eden space 127040K, 100% used [0x9de80000,0xa5a90000,0xa5a90000)
  from space 50688K, 65% used [0xa5a90000,0xa7b13e40,0xa8c10000)
  to   space 50880K, 0% used [0xa95f0000,0xa95f0000,0xac7a0000)
 ParOldGen       total 57984K, used 34582K [0x733d0000, 0x76c70000, 0x9de80000)
  object space 57984K, 59% used [0x733d0000,0x755958d8,0x76c70000)
 PSPermGen       total 16640K, used 8282K [0x6b3d0000, 0x6c410000, 0x733d0000)
  object space 16640K, 49% used [0x6b3d0000,0x6bbe6820,0x6c410000)
Event: 23.645 GC heap after
Heap after GC invocations=25 (full 1):
 PSYoungGen      total 187456K, used 34443K [0x9de80000, 0xac880000, 0xb33d0000)
  eden space 136576K, 0% used [0x9de80000,0x9de80000,0xa63e0000)
  from space 50880K, 67% used [0xa95f0000,0xab792e60,0xac7a0000)
  to   space 51264K, 0% used [0xa63e0000,0xa63e0000,0xa95f0000)
 ParOldGen       total 57984K, used 34598K [0x733d0000, 0x76c70000, 0x9de80000)
  object space 57984K, 59% used [0x733d0000,0x755998d8,0x76c70000)
 PSPermGen       total 16640K, used 8282K [0x6b3d0000, 0x6c410000, 0x733d0000)
  object space 16640K, 49% used [0x6b3d0000,0x6bbe6820,0x6c410000)
}

