# JRE version: 7.0_21-b02
# Java VM: OpenJDK Server VM (23.7-b01 mixed mode linux-x86 )
Heap
 PSYoungGen      total 114112K, used 43134K [0x9ded0000, 0xab230000, 0xb3420000)
  eden space 36992K, 5% used [0x9ded0000,0x9e0f3fd0,0xa02f0000)
  from space 77120K, 53% used [0xa02f0000,0xa2aeb940,0xa4e40000)
  to   space 85696K, 0% used [0xa5e80000,0xa5e80000,0xab230000)
 ParOldGen       total 401664K, used 267966K [0x73420000, 0x8bc60000, 0x9ded0000)
  object space 401664K, 66% used [0x73420000,0x839cfa10,0x8bc60000)
 PSPermGen       total 16384K, used 7507K [0x6b420000, 0x6c420000, 0x73420000)
  object space 16384K, 45% used [0x6b420000,0x6bb74ea0,0x6c420000)
GC Heap History (10 events):
Event: 3.635 GC heap before
{Heap before GC invocations=11 (full 2):
 PSYoungGen      total 83008K, used 83008K [0x9ded0000, 0xa8560000, 0xb3420000)
  eden space 31040K, 100% used [0x9ded0000,0x9fd20000,0x9fd20000)
  from space 51968K, 100% used [0xa3a70000,0xa6d30000,0xa6d30000)
  to   space 62784K, 0% used [0x9fd20000,0x9fd20000,0xa3a70000)
 ParOldGen       total 165440K, used 134617K [0x73420000, 0x7d5b0000, 0x9ded0000)
  object space 165440K, 81% used [0x73420000,0x7b7964a8,0x7d5b0000)
 PSPermGen       total 16896K, used 7430K [0x6b420000, 0x6c4a0000, 0x73420000)
  object space 16896K, 43% used [0x6b420000,0x6bb61ba0,0x6c4a0000)
Event: 3.929 GC heap after
Heap after GC invocations=11 (full 2):
 PSYoungGen      total 93824K, used 62784K [0x9ded0000, 0xaa410000, 0xb3420000)
  eden space 31040K, 0% used [0x9ded0000,0x9ded0000,0x9fd20000)
  from space 62784K, 100% used [0x9fd20000,0xa3a70000,0xa3a70000)
  to   space 81728K, 0% used [0xa5440000,0xa5440000,0xaa410000)
 ParOldGen       total 165440K, used 154965K [0x73420000, 0x7d5b0000, 0x9ded0000)
  object space 165440K, 93% used [0x73420000,0x7cb754a8,0x7d5b0000)
 PSPermGen       total 16896K, used 7430K [0x6b420000, 0x6c4a0000, 0x73420000)
  object space 16896K, 43% used [0x6b420000,0x6bb61ba0,0x6c4a0000)
}
Event: 3.929 GC heap before
{Heap before GC invocations=12 (full 3):
 PSYoungGen      total 93824K, used 62784K [0x9ded0000, 0xaa410000, 0xb3420000)
  eden space 31040K, 0% used [0x9ded0000,0x9ded0000,0x9fd20000)
  from space 62784K, 100% used [0x9fd20000,0xa3a70000,0xa3a70000)
  to   space 81728K, 0% used [0xa5440000,0xa5440000,0xaa410000)
 ParOldGen       total 165440K, used 154965K [0x73420000, 0x7d5b0000, 0x9ded0000)
  object space 165440K, 93% used [0x73420000,0x7cb754a8,0x7d5b0000)
 PSPermGen       total 16896K, used 7430K [0x6b420000, 0x6c4a0000, 0x73420000)
  object space 16896K, 43% used [0x6b420000,0x6bb61ba0,0x6c4a0000)
Event: 5.888 GC heap after
Heap after GC invocations=12 (full 3):
 PSYoungGen      total 93824K, used 20807K [0x9ded0000, 0xaa410000, 0xb3420000)
  eden space 31040K, 0% used [0x9ded0000,0x9ded0000,0x9fd20000)
  from space 62784K, 33% used [0x9fd20000,0xa1171e98,0xa3a70000)
  to   space 81728K, 0% used [0xa5440000,0xa5440000,0xaa410000)
 ParOldGen       total 267968K, used 165438K [0x73420000, 0x839d0000, 0x9ded0000)
  object space 267968K, 61% used [0x73420000,0x7d5afa18,0x839d0000)
 PSPermGen       total 16384K, used 7430K [0x6b420000, 0x6c420000, 0x73420000)
  object space 16384K, 45% used [0x6b420000,0x6bb61ba0,0x6c420000)
}
Event: 6.493 GC heap before
{Heap before GC invocations=13 (full 3):
 PSYoungGen      total 93824K, used 51847K [0x9ded0000, 0xaa410000, 0xb3420000)
  eden space 31040K, 100% used [0x9ded0000,0x9fd20000,0x9fd20000)
  from space 62784K, 33% used [0x9fd20000,0xa1171e98,0xa3a70000)
  to   space 81728K, 0% used [0xa5440000,0xa5440000,0xaa410000)
 ParOldGen       total 267968K, used 165438K [0x73420000, 0x839d0000, 0x9ded0000)
  object space 267968K, 61% used [0x73420000,0x7d5afa18,0x839d0000)
 PSPermGen       total 16384K, used 7431K [0x6b420000, 0x6c420000, 0x73420000)
  object space 16384K, 45% used [0x6b420000,0x6bb61c18,0x6c420000)
Event: 6.696 GC heap after
Heap after GC invocations=13 (full 3):
 PSYoungGen      total 107968K, used 30864K [0x9ded0000, 0xa9990000, 0xb3420000)
  eden space 36992K, 0% used [0x9ded0000,0x9ded0000,0xa02f0000)
  from space 70976K, 43% used [0xa5440000,0xa7264000,0xa9990000)
  to   space 77120K, 0% used [0xa02f0000,0xa02f0000,0xa4e40000)
 ParOldGen       total 267968K, used 186338K [0x73420000, 0x839d0000, 0x9ded0000)
  object space 267968K, 69% used [0x73420000,0x7ea18a18,0x839d0000)
 PSPermGen       total 16384K, used 7431K [0x6b420000, 0x6c420000, 0x73420000)
  object space 16384K, 45% used [0x6b420000,0x6bb61c18,0x6c420000)
}
Event: 7.180 GC heap before
{Heap before GC invocations=14 (full 3):
 PSYoungGen      total 107968K, used 67856K [0x9ded0000, 0xa9990000, 0xb3420000)
  eden space 36992K, 100% used [0x9ded0000,0xa02f0000,0xa02f0000)
  from space 70976K, 43% used [0xa5440000,0xa7264000,0xa9990000)
  to   space 77120K, 0% used [0xa02f0000,0xa02f0000,0xa4e40000)
 ParOldGen       total 267968K, used 186338K [0x73420000, 0x839d0000, 0x9ded0000)
  object space 267968K, 69% used [0x73420000,0x7ea18a18,0x839d0000)
 PSPermGen       total 16384K, used 7490K [0x6b420000, 0x6c420000, 0x73420000)
  object space 16384K, 45% used [0x6b420000,0x6bb70b90,0x6c420000)
Event: 7.414 GC heap after
Heap after GC invocations=14 (full 3):
 PSYoungGen      total 114112K, used 67760K [0x9ded0000, 0xab230000, 0xb3420000)
  eden space 36992K, 0% used [0x9ded0000,0x9ded0000,0xa02f0000)
  from space 77120K, 87% used [0xa02f0000,0xa451c000,0xa4e40000)
  to   space 85696K, 0% used [0xa5e80000,0xa5e80000,0xab230000)
 ParOldGen       total 267968K, used 186338K [0x73420000, 0x839d0000, 0x9ded0000)
  object space 267968K, 69% used [0x73420000,0x7ea18a18,0x839d0000)
 PSPermGen       total 16384K, used 7490K [0x6b420000, 0x6c420000, 0x73420000)
  object space 16384K, 45% used [0x6b420000,0x6bb70b90,0x6c420000)
}
Event: 7.911 GC heap before
{Heap before GC invocations=15 (full 4):
 PSYoungGen      total 114112K, used 104752K [0x9ded0000, 0xab230000, 0xb3420000)
  eden space 36992K, 100% used [0x9ded0000,0xa02f0000,0xa02f0000)
  from space 77120K, 87% used [0xa02f0000,0xa451c000,0xa4e40000)
  to   space 85696K, 0% used [0xa5e80000,0xa5e80000,0xab230000)
 ParOldGen       total 267968K, used 240421K [0x73420000, 0x839d0000, 0x9ded0000)
  object space 267968K, 89% used [0x73420000,0x81ee94a0,0x839d0000)
 PSPermGen       total 16384K, used 7490K [0x6b420000, 0x6c420000, 0x73420000)
  object space 16384K, 45% used [0x6b420000,0x6bb70b90,0x6c420000)
Event: 9.295 GC heap after
Heap after GC invocations=15 (full 4):
 PSYoungGen      total 114112K, used 40942K [0x9ded0000, 0xab230000, 0xb3420000)
  eden space 36992K, 0% used [0x9ded0000,0x9ded0000,0xa02f0000)
  from space 77120K, 53% used [0xa02f0000,0xa2aeb940,0xa4e40000)
  to   space 85696K, 0% used [0xa5e80000,0xa5e80000,0xab230000)
 ParOldGen       total 401664K, used 267966K [0x73420000, 0x8bc60000, 0x9ded0000)
  object space 401664K, 66% used [0x73420000,0x839cfa10,0x8bc60000)
 PSPermGen       total 16384K, used 7490K [0x6b420000, 0x6c420000, 0x73420000)
  object space 16384K, 45% used [0x6b420000,0x6bb70b90,0x6c420000)
}

