# JRE version: 7.0_21-b02
# Java VM: OpenJDK Server VM (23.7-b01 mixed mode linux-x86 )
Heap
 PSYoungGen      total 168256K, used 98907K [0x9dec0000, 0xab730000, 0xb3410000)
  eden space 119616K, 51% used [0x9dec0000,0xa1a74ed8,0xa5390000)
  from space 48640K, 77% used [0xa5390000,0xa7871f90,0xa8310000)
  to   space 49472K, 0% used [0xa86e0000,0xa86e0000,0xab730000)
 ParOldGen       total 61376K, used 32491K [0x73410000, 0x77000000, 0x9dec0000)
  object space 61376K, 52% used [0x73410000,0x753caec0,0x77000000)
 PSPermGen       total 16640K, used 8317K [0x6b410000, 0x6c450000, 0x73410000)
  object space 16640K, 49% used [0x6b410000,0x6bc2f418,0x6c450000)
GC Heap History (10 events):
Event: 50.639 GC heap before
{Heap before GC invocations=46 (full 1):
 PSYoungGen      total 159744K, used 140581K [0x9dec0000, 0xaa550000, 0xb3410000)
  eden space 117056K, 100% used [0x9dec0000,0xa5110000,0xa5110000)
  from space 42688K, 55% used [0xa7ba0000,0xa92995f0,0xaa550000)
  to   space 43136K, 0% used [0xa5110000,0xa5110000,0xa7b30000)
 ParOldGen       total 61376K, used 26855K [0x73410000, 0x77000000, 0x9dec0000)
  object space 61376K, 43% used [0x73410000,0x74e49d50,0x77000000)
 PSPermGen       total 16640K, used 8285K [0x6b410000, 0x6c450000, 0x73410000)
  object space 16640K, 49% used [0x6b410000,0x6bc27668,0x6c450000)
Event: 50.643 GC heap after
Heap after GC invocations=46 (full 1):
 PSYoungGen      total 160192K, used 24480K [0x9dec0000, 0xaa6a0000, 0xb3410000)
  eden space 117056K, 0% used [0x9dec0000,0x9dec0000,0xa5110000)
  from space 43136K, 56% used [0xa5110000,0xa68f8360,0xa7b30000)
  to   space 42688K, 0% used [0xa7cf0000,0xa7cf0000,0xaa6a0000)
 ParOldGen       total 61376K, used 26855K [0x73410000, 0x77000000, 0x9dec0000)
  object space 61376K, 43% used [0x73410000,0x74e49d50,0x77000000)
 PSPermGen       total 16640K, used 8285K [0x6b410000, 0x6c450000, 0x73410000)
  object space 16640K, 49% used [0x6b410000,0x6bc27668,0x6c450000)
}
Event: 51.759 GC heap before
{Heap before GC invocations=47 (full 1):
 PSYoungGen      total 160192K, used 141536K [0x9dec0000, 0xaa6a0000, 0xb3410000)
  eden space 117056K, 100% used [0x9dec0000,0xa5110000,0xa5110000)
  from space 43136K, 56% used [0xa5110000,0xa68f8360,0xa7b30000)
  to   space 42688K, 0% used [0xa7cf0000,0xa7cf0000,0xaa6a0000)
 ParOldGen       total 61376K, used 26855K [0x73410000, 0x77000000, 0x9dec0000)
  object space 61376K, 43% used [0x73410000,0x74e49d50,0x77000000)
 PSPermGen       total 16640K, used 8286K [0x6b410000, 0x6c450000, 0x73410000)
  object space 16640K, 49% used [0x6b410000,0x6bc278c0,0x6c450000)
Event: 51.762 GC heap after
Heap after GC invocations=47 (full 1):
 PSYoungGen      total 161792K, used 20082K [0x9dec0000, 0xaa700000, 0xb3410000)
  eden space 119104K, 0% used [0x9dec0000,0x9dec0000,0xa5310000)
  from space 42688K, 47% used [0xa7cf0000,0xa908c810,0xaa6a0000)
  to   space 42880K, 0% used [0xa5310000,0xa5310000,0xa7cf0000)
 ParOldGen       total 61376K, used 26855K [0x73410000, 0x77000000, 0x9dec0000)
  object space 61376K, 43% used [0x73410000,0x74e49d50,0x77000000)
 PSPermGen       total 16640K, used 8286K [0x6b410000, 0x6c450000, 0x73410000)
  object space 16640K, 49% used [0x6b410000,0x6bc278c0,0x6c450000)
}
Event: 53.130 GC heap before
{Heap before GC invocations=48 (full 1):
 PSYoungGen      total 161792K, used 139186K [0x9dec0000, 0xaa700000, 0xb3410000)
  eden space 119104K, 100% used [0x9dec0000,0xa5310000,0xa5310000)
  from space 42688K, 47% used [0xa7cf0000,0xa908c810,0xaa6a0000)
  to   space 42880K, 0% used [0xa5310000,0xa5310000,0xa7cf0000)
 ParOldGen       total 61376K, used 26855K [0x73410000, 0x77000000, 0x9dec0000)
  object space 61376K, 43% used [0x73410000,0x74e49d50,0x77000000)
 PSPermGen       total 16640K, used 8287K [0x6b410000, 0x6c450000, 0x73410000)
  object space 16640K, 49% used [0x6b410000,0x6bc27d70,0x6c450000)
Event: 53.139 GC heap after
Heap after GC invocations=48 (full 1):
 PSYoungGen      total 161984K, used 41526K [0x9dec0000, 0xab050000, 0xb3410000)
  eden space 119104K, 0% used [0x9dec0000,0x9dec0000,0xa5310000)
  from space 42880K, 96% used [0xa5310000,0xa7b9d950,0xa7cf0000)
  to   space 46336K, 0% used [0xa8310000,0xa8310000,0xab050000)
 ParOldGen       total 61376K, used 32485K [0x73410000, 0x77000000, 0x9dec0000)
  object space 61376K, 52% used [0x73410000,0x753c9498,0x77000000)
 PSPermGen       total 16640K, used 8287K [0x6b410000, 0x6c450000, 0x73410000)
  object space 16640K, 49% used [0x6b410000,0x6bc27d70,0x6c450000)
}
Event: 54.807 GC heap before
{Heap before GC invocations=49 (full 1):
 PSYoungGen      total 161984K, used 160630K [0x9dec0000, 0xab050000, 0xb3410000)
  eden space 119104K, 100% used [0x9dec0000,0xa5310000,0xa5310000)
  from space 42880K, 96% used [0xa5310000,0xa7b9d950,0xa7cf0000)
  to   space 46336K, 0% used [0xa8310000,0xa8310000,0xab050000)
 ParOldGen       total 61376K, used 32485K [0x73410000, 0x77000000, 0x9dec0000)
  object space 61376K, 52% used [0x73410000,0x753c94e8,0x77000000)
 PSPermGen       total 16640K, used 8288K [0x6b410000, 0x6c450000, 0x73410000)
  object space 16640K, 49% used [0x6b410000,0x6bc28208,0x6c450000)
Event: 54.815 GC heap after
Heap after GC invocations=49 (full 1):
 PSYoungGen      total 165952K, used 40453K [0x9dec0000, 0xab4f0000, 0xb3410000)
  eden space 119616K, 0% used [0x9dec0000,0x9dec0000,0xa5390000)
  from space 46336K, 87% used [0xa8310000,0xaaa917c8,0xab050000)
  to   space 48640K, 0% used [0xa5390000,0xa5390000,0xa8310000)
 ParOldGen       total 61376K, used 32489K [0x73410000, 0x77000000, 0x9dec0000)
  object space 61376K, 52% used [0x73410000,0x753ca4e8,0x77000000)
 PSPermGen       total 16640K, used 8288K [0x6b410000, 0x6c450000, 0x73410000)
  object space 16640K, 49% used [0x6b410000,0x6bc28208,0x6c450000)
}
Event: 56.211 GC heap before
{Heap before GC invocations=50 (full 1):
 PSYoungGen      total 165952K, used 160069K [0x9dec0000, 0xab4f0000, 0xb3410000)
  eden space 119616K, 100% used [0x9dec0000,0xa5390000,0xa5390000)
  from space 46336K, 87% used [0xa8310000,0xaaa917c8,0xab050000)
  to   space 48640K, 0% used [0xa5390000,0xa5390000,0xa8310000)
 ParOldGen       total 61376K, used 32491K [0x73410000, 0x77000000, 0x9dec0000)
  object space 61376K, 52% used [0x73410000,0x753caec0,0x77000000)
 PSPermGen       total 16640K, used 8288K [0x6b410000, 0x6c450000, 0x73410000)
  object space 16640K, 49% used [0x6b410000,0x6bc28290,0x6c450000)
Event: 56.219 GC heap after
Heap after GC invocations=50 (full 1):
 PSYoungGen      total 168256K, used 37767K [0x9dec0000, 0xab730000, 0xb3410000)
  eden space 119616K, 0% used [0x9dec0000,0x9dec0000,0xa5390000)
  from space 48640K, 77% used [0xa5390000,0xa7871f90,0xa8310000)
  to   space 49472K, 0% used [0xa86e0000,0xa86e0000,0xab730000)
 ParOldGen       total 61376K, used 32491K [0x73410000, 0x77000000, 0x9dec0000)
  object space 61376K, 52% used [0x73410000,0x753caec0,0x77000000)
 PSPermGen       total 16640K, used 8288K [0x6b410000, 0x6c450000, 0x73410000)
  object space 16640K, 49% used [0x6b410000,0x6bc28290,0x6c450000)
}

