# JRE version: 7.0_21-b02
# Java VM: OpenJDK Server VM (23.7-b01 mixed mode linux-x86 )
Heap
 PSYoungGen      total 165824K, used 33632K [0x9de60000, 0xaba90000, 0xb33b0000)
  eden space 118208K, 2% used [0x9de60000,0x9e150420,0xa51d0000)
  from space 47616K, 64% used [0xa8c10000,0xaa9f7d90,0xaba90000)
  to   space 53632K, 0% used [0xa51d0000,0xa51d0000,0xa8630000)
 ParOldGen       total 82752K, used 21475K [0x733b0000, 0x78480000, 0x9de60000)
  object space 82752K, 25% used [0x733b0000,0x748a8fb8,0x78480000)
 PSPermGen       total 16896K, used 8358K [0x6b3b0000, 0x6c430000, 0x733b0000)
  object space 16896K, 49% used [0x6b3b0000,0x6bbd99f0,0x6c430000)
GC Heap History (10 events):
Event: 32.861 GC heap before
{Heap before GC invocations=34 (full 2):
 PSYoungGen      total 189120K, used 171084K [0x9de60000, 0xacfc0000, 0xb33b0000)
  eden space 134656K, 100% used [0x9de60000,0xa61e0000,0xa61e0000)
  from space 54464K, 66% used [0xa61e0000,0xa8573010,0xa9710000)
  to   space 53888K, 0% used [0xa9b20000,0xa9b20000,0xacfc0000)
 ParOldGen       total 82752K, used 21459K [0x733b0000, 0x78480000, 0x9de60000)
  object space 82752K, 25% used [0x733b0000,0x748a4fb8,0x78480000)
 PSPermGen       total 16896K, used 8322K [0x6b3b0000, 0x6c430000, 0x733b0000)
  object space 16896K, 49% used [0x6b3b0000,0x6bbd0b68,0x6c430000)
Event: 32.868 GC heap after
Heap after GC invocations=34 (full 2):
 PSYoungGen      total 187648K, used 31965K [0x9de60000, 0xacaf0000, 0xb33b0000)
  eden space 138688K, 0% used [0x9de60000,0x9de60000,0xa65d0000)
  from space 48960K, 65% used [0xa9b20000,0xaba577d0,0xacaf0000)
  to   space 51776K, 0% used [0xa65d0000,0xa65d0000,0xa9860000)
 ParOldGen       total 82752K, used 21459K [0x733b0000, 0x78480000, 0x9de60000)
  object space 82752K, 25% used [0x733b0000,0x748a4fb8,0x78480000)
 PSPermGen       total 16896K, used 8322K [0x6b3b0000, 0x6c430000, 0x733b0000)
  object space 16896K, 49% used [0x6b3b0000,0x6bbd0b68,0x6c430000)
}
Event: 35.388 GC heap before
{Heap before GC invocations=35 (full 2):
 PSYoungGen      total 187648K, used 170492K [0x9de60000, 0xacaf0000, 0xb33b0000)
  eden space 138688K, 99% used [0x9de60000,0xa65a7a68,0xa65d0000)
  from space 48960K, 65% used [0xa9b20000,0xaba577d0,0xacaf0000)
  to   space 51776K, 0% used [0xa65d0000,0xa65d0000,0xa9860000)
 ParOldGen       total 82752K, used 21459K [0x733b0000, 0x78480000, 0x9de60000)
  object space 82752K, 25% used [0x733b0000,0x748a4fb8,0x78480000)
 PSPermGen       total 16896K, used 8323K [0x6b3b0000, 0x6c430000, 0x733b0000)
  object space 16896K, 49% used [0x6b3b0000,0x6bbd0c60,0x6c430000)
Event: 35.396 GC heap after
Heap after GC invocations=35 (full 2):
 PSYoungGen      total 167488K, used 34279K [0x9de60000, 0xac330000, 0xb33b0000)
  eden space 133184K, 0% used [0x9de60000,0x9de60000,0xa6070000)
  from space 34304K, 99% used [0xa65d0000,0xa8749f60,0xa8750000)
  to   space 50560K, 0% used [0xa91d0000,0xa91d0000,0xac330000)
 ParOldGen       total 82752K, used 21463K [0x733b0000, 0x78480000, 0x9de60000)
  object space 82752K, 25% used [0x733b0000,0x748a5fb8,0x78480000)
 PSPermGen       total 16896K, used 8323K [0x6b3b0000, 0x6c430000, 0x733b0000)
  object space 16896K, 49% used [0x6b3b0000,0x6bbd0c60,0x6c430000)
}
Event: 38.233 GC heap before
{Heap before GC invocations=36 (full 2):
 PSYoungGen      total 167488K, used 167463K [0x9de60000, 0xac330000, 0xb33b0000)
  eden space 133184K, 100% used [0x9de60000,0xa6070000,0xa6070000)
  from space 34304K, 99% used [0xa65d0000,0xa8749f60,0xa8750000)
  to   space 50560K, 0% used [0xa91d0000,0xa91d0000,0xac330000)
 ParOldGen       total 82752K, used 21463K [0x733b0000, 0x78480000, 0x9de60000)
  object space 82752K, 25% used [0x733b0000,0x748a5fb8,0x78480000)
 PSPermGen       total 16896K, used 8323K [0x6b3b0000, 0x6c430000, 0x733b0000)
  object space 16896K, 49% used [0x6b3b0000,0x6bbd0cf0,0x6c430000)
Event: 38.239 GC heap after
Heap after GC invocations=36 (full 2):
 PSYoungGen      total 174272K, used 38859K [0x9de60000, 0xabf10000, 0xb33b0000)
  eden space 127936K, 0% used [0x9de60000,0x9de60000,0xa5b50000)
  from space 46336K, 83% used [0xa91d0000,0xab7c2c30,0xabf10000)
  to   space 51072K, 0% used [0xa5b50000,0xa5b50000,0xa8d30000)
 ParOldGen       total 82752K, used 21467K [0x733b0000, 0x78480000, 0x9de60000)
  object space 82752K, 25% used [0x733b0000,0x748a6fb8,0x78480000)
 PSPermGen       total 16896K, used 8323K [0x6b3b0000, 0x6c430000, 0x733b0000)
  object space 16896K, 49% used [0x6b3b0000,0x6bbd0cf0,0x6c430000)
}
Event: 39.376 GC heap before
{Heap before GC invocations=37 (full 2):
 PSYoungGen      total 174272K, used 166795K [0x9de60000, 0xabf10000, 0xb33b0000)
  eden space 127936K, 100% used [0x9de60000,0xa5b50000,0xa5b50000)
  from space 46336K, 83% used [0xa91d0000,0xab7c2c30,0xabf10000)
  to   space 51072K, 0% used [0xa5b50000,0xa5b50000,0xa8d30000)
 ParOldGen       total 82752K, used 21467K [0x733b0000, 0x78480000, 0x9de60000)
  object space 82752K, 25% used [0x733b0000,0x748a6fb8,0x78480000)
 PSPermGen       total 16896K, used 8324K [0x6b3b0000, 0x6c430000, 0x733b0000)
  object space 16896K, 49% used [0x6b3b0000,0x6bbd1008,0x6c430000)
Event: 39.383 GC heap after
Heap after GC invocations=37 (full 2):
 PSYoungGen      total 171392K, used 48409K [0x9de60000, 0xac1b0000, 0xb33b0000)
  eden space 122944K, 0% used [0x9de60000,0x9de60000,0xa5670000)
  from space 48448K, 99% used [0xa5b50000,0xa8a96790,0xa8aa0000)
  to   space 54912K, 0% used [0xa8c10000,0xa8c10000,0xac1b0000)
 ParOldGen       total 82752K, used 21471K [0x733b0000, 0x78480000, 0x9de60000)
  object space 82752K, 25% used [0x733b0000,0x748a7fb8,0x78480000)
 PSPermGen       total 16896K, used 8324K [0x6b3b0000, 0x6c430000, 0x733b0000)
  object space 16896K, 49% used [0x6b3b0000,0x6bbd1008,0x6c430000)
}
Event: 52.328 GC heap before
{Heap before GC invocations=38 (full 2):
 PSYoungGen      total 171392K, used 171353K [0x9de60000, 0xac1b0000, 0xb33b0000)
  eden space 122944K, 100% used [0x9de60000,0xa5670000,0xa5670000)
  from space 48448K, 99% used [0xa5b50000,0xa8a96790,0xa8aa0000)
  to   space 54912K, 0% used [0xa8c10000,0xa8c10000,0xac1b0000)
 ParOldGen       total 82752K, used 21471K [0x733b0000, 0x78480000, 0x9de60000)
  object space 82752K, 25% used [0x733b0000,0x748a7fb8,0x78480000)
 PSPermGen       total 16896K, used 8351K [0x6b3b0000, 0x6c430000, 0x733b0000)
  object space 16896K, 49% used [0x6b3b0000,0x6bbd7e98,0x6c430000)
Event: 52.332 GC heap after
Heap after GC invocations=38 (full 2):
 PSYoungGen      total 165824K, used 30623K [0x9de60000, 0xaba90000, 0xb33b0000)
  eden space 118208K, 0% used [0x9de60000,0x9de60000,0xa51d0000)
  from space 47616K, 64% used [0xa8c10000,0xaa9f7d90,0xaba90000)
  to   space 53632K, 0% used [0xa51d0000,0xa51d0000,0xa8630000)
 ParOldGen       total 82752K, used 21475K [0x733b0000, 0x78480000, 0x9de60000)
  object space 82752K, 25% used [0x733b0000,0x748a8fb8,0x78480000)
 PSPermGen       total 16896K, used 8351K [0x6b3b0000, 0x6c430000, 0x733b0000)
  object space 16896K, 49% used [0x6b3b0000,0x6bbd7e98,0x6c430000)
}

