# JRE version: 7.0_21-b02
# Java VM: OpenJDK Server VM (23.7-b01 mixed mode linux-x86 )
Heap
 PSYoungGen      total 349312K, used 10520K [0x9dec0000, 0xb3410000, 0xb3410000)
  eden space 349120K, 2% used [0x9dec0000,0x9e8e99b8,0xb33b0000)
  from space 192K, 59% used [0xb33e0000,0xb33fc6d0,0xb3410000)
  to   space 192K, 0% used [0xb33b0000,0xb33b0000,0xb33e0000)
 ParOldGen       total 43392K, used 9767K [0x73410000, 0x75e70000, 0x9dec0000)
  object space 43392K, 22% used [0x73410000,0x73d99c40,0x75e70000)
 PSPermGen       total 16384K, used 7618K [0x6b410000, 0x6c410000, 0x73410000)
  object space 16384K, 46% used [0x6b410000,0x6bb809b8,0x6c410000)
GC Heap History (10 events):
Event: 8.890 GC heap before
{Heap before GC invocations=95 (full 1):
 PSYoungGen      total 349312K, used 349152K [0x9dec0000, 0xb3410000, 0xb3410000)
  eden space 349120K, 100% used [0x9dec0000,0xb33b0000,0xb33b0000)
  from space 192K, 16% used [0xb33b0000,0xb33b8000,0xb33e0000)
  to   space 192K, 0% used [0xb33e0000,0xb33e0000,0xb3410000)
 ParOldGen       total 43392K, used 9767K [0x73410000, 0x75e70000, 0x9dec0000)
  object space 43392K, 22% used [0x73410000,0x73d99c40,0x75e70000)
 PSPermGen       total 16384K, used 7601K [0x6b410000, 0x6c410000, 0x73410000)
  object space 16384K, 46% used [0x6b410000,0x6bb7c630,0x6c410000)
Event: 8.892 GC heap after
Heap after GC invocations=95 (full 1):
 PSYoungGen      total 349312K, used 32K [0x9dec0000, 0xb3410000, 0xb3410000)
  eden space 349120K, 0% used [0x9dec0000,0x9dec0000,0xb33b0000)
  from space 192K, 16% used [0xb33e0000,0xb33e8000,0xb3410000)
  to   space 192K, 0% used [0xb33b0000,0xb33b0000,0xb33e0000)
 ParOldGen       total 43392K, used 9767K [0x73410000, 0x75e70000, 0x9dec0000)
  object space 43392K, 22% used [0x73410000,0x73d99c40,0x75e70000)
 PSPermGen       total 16384K, used 7601K [0x6b410000, 0x6c410000, 0x73410000)
  object space 16384K, 46% used [0x6b410000,0x6bb7c630,0x6c410000)
}
Event: 8.981 GC heap before
{Heap before GC invocations=96 (full 1):
 PSYoungGen      total 349312K, used 349152K [0x9dec0000, 0xb3410000, 0xb3410000)
  eden space 349120K, 100% used [0x9dec0000,0xb33b0000,0xb33b0000)
  from space 192K, 16% used [0xb33e0000,0xb33e8000,0xb3410000)
  to   space 192K, 0% used [0xb33b0000,0xb33b0000,0xb33e0000)
 ParOldGen       total 43392K, used 9767K [0x73410000, 0x75e70000, 0x9dec0000)
  object space 43392K, 22% used [0x73410000,0x73d99c40,0x75e70000)
 PSPermGen       total 16384K, used 7601K [0x6b410000, 0x6c410000, 0x73410000)
  object space 16384K, 46% used [0x6b410000,0x6bb7c630,0x6c410000)
Event: 8.983 GC heap after
Heap after GC invocations=96 (full 1):
 PSYoungGen      total 349312K, used 115K [0x9dec0000, 0xb3410000, 0xb3410000)
  eden space 349120K, 0% used [0x9dec0000,0x9dec0000,0xb33b0000)
  from space 192K, 60% used [0xb33b0000,0xb33ccda0,0xb33e0000)
  to   space 192K, 0% used [0xb33e0000,0xb33e0000,0xb3410000)
 ParOldGen       total 43392K, used 9767K [0x73410000, 0x75e70000, 0x9dec0000)
  object space 43392K, 22% used [0x73410000,0x73d99c40,0x75e70000)
 PSPermGen       total 16384K, used 7601K [0x6b410000, 0x6c410000, 0x73410000)
  object space 16384K, 46% used [0x6b410000,0x6bb7c630,0x6c410000)
}
Event: 9.069 GC heap before
{Heap before GC invocations=97 (full 1):
 PSYoungGen      total 349312K, used 349235K [0x9dec0000, 0xb3410000, 0xb3410000)
  eden space 349120K, 100% used [0x9dec0000,0xb33b0000,0xb33b0000)
  from space 192K, 60% used [0xb33b0000,0xb33ccda0,0xb33e0000)
  to   space 192K, 0% used [0xb33e0000,0xb33e0000,0xb3410000)
 ParOldGen       total 43392K, used 9767K [0x73410000, 0x75e70000, 0x9dec0000)
  object space 43392K, 22% used [0x73410000,0x73d99c40,0x75e70000)
 PSPermGen       total 16384K, used 7601K [0x6b410000, 0x6c410000, 0x73410000)
  object space 16384K, 46% used [0x6b410000,0x6bb7c630,0x6c410000)
Event: 9.071 GC heap after
Heap after GC invocations=97 (full 1):
 PSYoungGen      total 349312K, used 99K [0x9dec0000, 0xb3410000, 0xb3410000)
  eden space 349120K, 0% used [0x9dec0000,0x9dec0000,0xb33b0000)
  from space 192K, 51% used [0xb33e0000,0xb33f8da0,0xb3410000)
  to   space 192K, 0% used [0xb33b0000,0xb33b0000,0xb33e0000)
 ParOldGen       total 43392K, used 9767K [0x73410000, 0x75e70000, 0x9dec0000)
  object space 43392K, 22% used [0x73410000,0x73d99c40,0x75e70000)
 PSPermGen       total 16384K, used 7601K [0x6b410000, 0x6c410000, 0x73410000)
  object space 16384K, 46% used [0x6b410000,0x6bb7c630,0x6c410000)
}
Event: 9.155 GC heap before
{Heap before GC invocations=98 (full 1):
 PSYoungGen      total 349312K, used 349219K [0x9dec0000, 0xb3410000, 0xb3410000)
  eden space 349120K, 100% used [0x9dec0000,0xb33b0000,0xb33b0000)
  from space 192K, 51% used [0xb33e0000,0xb33f8da0,0xb3410000)
  to   space 192K, 0% used [0xb33b0000,0xb33b0000,0xb33e0000)
 ParOldGen       total 43392K, used 9767K [0x73410000, 0x75e70000, 0x9dec0000)
  object space 43392K, 22% used [0x73410000,0x73d99c40,0x75e70000)
 PSPermGen       total 16384K, used 7601K [0x6b410000, 0x6c410000, 0x73410000)
  object space 16384K, 46% used [0x6b410000,0x6bb7c630,0x6c410000)
Event: 9.158 GC heap after
Heap after GC invocations=98 (full 1):
 PSYoungGen      total 349312K, used 99K [0x9dec0000, 0xb3410000, 0xb3410000)
  eden space 349120K, 0% used [0x9dec0000,0x9dec0000,0xb33b0000)
  from space 192K, 51% used [0xb33b0000,0xb33c8da0,0xb33e0000)
  to   space 192K, 0% used [0xb33e0000,0xb33e0000,0xb3410000)
 ParOldGen       total 43392K, used 9767K [0x73410000, 0x75e70000, 0x9dec0000)
  object space 43392K, 22% used [0x73410000,0x73d99c40,0x75e70000)
 PSPermGen       total 16384K, used 7601K [0x6b410000, 0x6c410000, 0x73410000)
  object space 16384K, 46% used [0x6b410000,0x6bb7c630,0x6c410000)
}
Event: 9.239 GC heap before
{Heap before GC invocations=99 (full 1):
 PSYoungGen      total 349312K, used 349219K [0x9dec0000, 0xb3410000, 0xb3410000)
  eden space 349120K, 100% used [0x9dec0000,0xb33b0000,0xb33b0000)
  from space 192K, 51% used [0xb33b0000,0xb33c8da0,0xb33e0000)
  to   space 192K, 0% used [0xb33e0000,0xb33e0000,0xb3410000)
 ParOldGen       total 43392K, used 9767K [0x73410000, 0x75e70000, 0x9dec0000)
  object space 43392K, 22% used [0x73410000,0x73d99c40,0x75e70000)
 PSPermGen       total 16384K, used 7618K [0x6b410000, 0x6c410000, 0x73410000)
  object space 16384K, 46% used [0x6b410000,0x6bb80940,0x6c410000)
Event: 9.248 GC heap after
Heap after GC invocations=99 (full 1):
 PSYoungGen      total 349312K, used 113K [0x9dec0000, 0xb3410000, 0xb3410000)
  eden space 349120K, 0% used [0x9dec0000,0x9dec0000,0xb33b0000)
  from space 192K, 59% used [0xb33e0000,0xb33fc6d0,0xb3410000)
  to   space 192K, 0% used [0xb33b0000,0xb33b0000,0xb33e0000)
 ParOldGen       total 43392K, used 9767K [0x73410000, 0x75e70000, 0x9dec0000)
  object space 43392K, 22% used [0x73410000,0x73d99c40,0x75e70000)
 PSPermGen       total 16384K, used 7618K [0x6b410000, 0x6c410000, 0x73410000)
  object space 16384K, 46% used [0x6b410000,0x6bb80940,0x6c410000)
}

