# JRE version: 7.0_21-b02
# Java VM: OpenJDK Server VM (23.7-b01 mixed mode linux-x86 )
Heap
 PSYoungGen      total 110848K, used 40108K [0x9de90000, 0xa9b60000, 0xb33e0000)
  eden space 34752K, 5% used [0x9de90000,0x9e087360,0xa0080000)
  from space 76096K, 50% used [0xa5110000,0xa7644000,0xa9b60000)
  to   space 79296K, 0% used [0xa0080000,0xa0080000,0xa4df0000)
 ParOldGen       total 235520K, used 194073K [0x733e0000, 0x819e0000, 0x9de90000)
  object space 235520K, 82% used [0x733e0000,0x7f166560,0x819e0000)
 PSPermGen       total 16384K, used 7447K [0x6b3e0000, 0x6c3e0000, 0x733e0000)
  object space 16384K, 45% used [0x6b3e0000,0x6bb25e08,0x6c3e0000)
GC Heap History (10 events):
Event: 2.537 GC heap before
{Heap before GC invocations=9 (full 2):
 PSYoungGen      total 62080K, used 62075K [0x9de90000, 0xa4dd0000, 0xb33e0000)
  eden space 32320K, 100% used [0x9de90000,0x9fe20000,0x9fe20000)
  from space 29760K, 99% used [0xa2370000,0xa407ec00,0xa4080000)
  to   space 38208K, 0% used [0x9fe20000,0x9fe20000,0xa2370000)
 ParOldGen       total 132992K, used 54672K [0x733e0000, 0x7b5c0000, 0x9de90000)
  object space 132992K, 41% used [0x733e0000,0x76944250,0x7b5c0000)
 PSPermGen       total 16896K, used 7430K [0x6b3e0000, 0x6c460000, 0x733e0000)
  object space 16896K, 43% used [0x6b3e0000,0x6bb21a80,0x6c460000)
Event: 2.588 GC heap after
Heap after GC invocations=9 (full 2):
 PSYoungGen      total 70528K, used 38200K [0x9de90000, 0xa6be0000, 0xb33e0000)
  eden space 32320K, 0% used [0x9de90000,0x9de90000,0x9fe20000)
  from space 38208K, 99% used [0x9fe20000,0xa236e1f8,0xa2370000)
  to   space 52736K, 0% used [0xa3860000,0xa3860000,0xa6be0000)
 ParOldGen       total 132992K, used 67932K [0x733e0000, 0x7b5c0000, 0x9de90000)
  object space 132992K, 51% used [0x733e0000,0x77637250,0x7b5c0000)
 PSPermGen       total 16896K, used 7430K [0x6b3e0000, 0x6c460000, 0x733e0000)
  object space 16896K, 43% used [0x6b3e0000,0x6bb21a80,0x6c460000)
}
Event: 3.017 GC heap before
{Heap before GC invocations=10 (full 2):
 PSYoungGen      total 70528K, used 70520K [0x9de90000, 0xa6be0000, 0xb33e0000)
  eden space 32320K, 100% used [0x9de90000,0x9fe20000,0x9fe20000)
  from space 38208K, 99% used [0x9fe20000,0xa236e1f8,0xa2370000)
  to   space 52736K, 0% used [0xa3860000,0xa3860000,0xa6be0000)
 ParOldGen       total 132992K, used 91969K [0x733e0000, 0x7b5c0000, 0x9de90000)
  object space 132992K, 69% used [0x733e0000,0x78db0540,0x7b5c0000)
 PSPermGen       total 16896K, used 7430K [0x6b3e0000, 0x6c460000, 0x733e0000)
  object space 16896K, 43% used [0x6b3e0000,0x6bb21a80,0x6c460000)
Event: 3.211 GC heap after
Heap after GC invocations=10 (full 2):
 PSYoungGen      total 81216K, used 52736K [0x9de90000, 0xa83e0000, 0xb33e0000)
  eden space 28480K, 0% used [0x9de90000,0x9de90000,0x9fa60000)
  from space 52736K, 100% used [0xa3860000,0xa6be0000,0xa6be0000)
  to   space 63488K, 0% used [0x9fa60000,0x9fa60000,0xa3860000)
 ParOldGen       total 132992K, used 93821K [0x733e0000, 0x7b5c0000, 0x9de90000)
  object space 132992K, 70% used [0x733e0000,0x78f7f540,0x7b5c0000)
 PSPermGen       total 16896K, used 7430K [0x6b3e0000, 0x6c460000, 0x733e0000)
  object space 16896K, 43% used [0x6b3e0000,0x6bb21a80,0x6c460000)
}
Event: 3.579 GC heap before
{Heap before GC invocations=11 (full 2):
 PSYoungGen      total 81216K, used 81216K [0x9de90000, 0xa83e0000, 0xb33e0000)
  eden space 28480K, 100% used [0x9de90000,0x9fa60000,0x9fa60000)
  from space 52736K, 100% used [0xa3860000,0xa6be0000,0xa6be0000)
  to   space 63488K, 0% used [0x9fa60000,0x9fa60000,0xa3860000)
 ParOldGen       total 132992K, used 93821K [0x733e0000, 0x7b5c0000, 0x9de90000)
  object space 132992K, 70% used [0x733e0000,0x78f7f540,0x7b5c0000)
 PSPermGen       total 16896K, used 7430K [0x6b3e0000, 0x6c460000, 0x733e0000)
  object space 16896K, 43% used [0x6b3e0000,0x6bb21a80,0x6c460000)
Event: 3.853 GC heap after
Heap after GC invocations=11 (full 2):
 PSYoungGen      total 91968K, used 63488K [0x9de90000, 0xaa110000, 0xb33e0000)
  eden space 28480K, 0% used [0x9de90000,0x9de90000,0x9fa60000)
  from space 63488K, 100% used [0x9fa60000,0xa3860000,0xa3860000)
  to   space 81920K, 0% used [0xa5110000,0xa5110000,0xaa110000)
 ParOldGen       total 132992K, used 111669K [0x733e0000, 0x7b5c0000, 0x9de90000)
  object space 132992K, 83% used [0x733e0000,0x7a0ed540,0x7b5c0000)
 PSPermGen       total 16896K, used 7430K [0x6b3e0000, 0x6c460000, 0x733e0000)
  object space 16896K, 43% used [0x6b3e0000,0x6bb21a80,0x6c460000)
}
Event: 3.853 GC heap before
{Heap before GC invocations=12 (full 3):
 PSYoungGen      total 91968K, used 63488K [0x9de90000, 0xaa110000, 0xb33e0000)
  eden space 28480K, 0% used [0x9de90000,0x9de90000,0x9fa60000)
  from space 63488K, 100% used [0x9fa60000,0xa3860000,0xa3860000)
  to   space 81920K, 0% used [0xa5110000,0xa5110000,0xaa110000)
 ParOldGen       total 132992K, used 111669K [0x733e0000, 0x7b5c0000, 0x9de90000)
  object space 132992K, 83% used [0x733e0000,0x7a0ed540,0x7b5c0000)
 PSPermGen       total 16896K, used 7430K [0x6b3e0000, 0x6c460000, 0x733e0000)
  object space 16896K, 43% used [0x6b3e0000,0x6bb21a80,0x6c460000)
Event: 4.783 GC heap after
Heap after GC invocations=12 (full 3):
 PSYoungGen      total 91968K, used 34708K [0x9de90000, 0xaa110000, 0xb33e0000)
  eden space 28480K, 0% used [0x9de90000,0x9de90000,0x9fa60000)
  from space 63488K, 54% used [0x9fa60000,0xa1c45038,0xa3860000)
  to   space 81920K, 0% used [0xa5110000,0xa5110000,0xaa110000)
 ParOldGen       total 235520K, used 132990K [0x733e0000, 0x819e0000, 0x9de90000)
  object space 235520K, 56% used [0x733e0000,0x7b5bf900,0x819e0000)
 PSPermGen       total 16384K, used 7430K [0x6b3e0000, 0x6c3e0000, 0x733e0000)
  object space 16384K, 45% used [0x6b3e0000,0x6bb21a80,0x6c3e0000)
}
Event: 5.169 GC heap before
{Heap before GC invocations=13 (full 3):
 PSYoungGen      total 91968K, used 63188K [0x9de90000, 0xaa110000, 0xb33e0000)
  eden space 28480K, 100% used [0x9de90000,0x9fa60000,0x9fa60000)
  from space 63488K, 54% used [0x9fa60000,0xa1c45038,0xa3860000)
  to   space 81920K, 0% used [0xa5110000,0xa5110000,0xaa110000)
 ParOldGen       total 235520K, used 169045K [0x733e0000, 0x819e0000, 0x9de90000)
  object space 235520K, 71% used [0x733e0000,0x7d8f5560,0x819e0000)
 PSPermGen       total 16384K, used 7430K [0x6b3e0000, 0x6c3e0000, 0x733e0000)
  object space 16384K, 45% used [0x6b3e0000,0x6bb21af8,0x6c3e0000)
Event: 5.321 GC heap after
Heap after GC invocations=13 (full 3):
 PSYoungGen      total 110848K, used 38096K [0x9de90000, 0xa9b60000, 0xb33e0000)
  eden space 34752K, 0% used [0x9de90000,0x9de90000,0xa0080000)
  from space 76096K, 50% used [0xa5110000,0xa7644000,0xa9b60000)
  to   space 79296K, 0% used [0xa0080000,0xa0080000,0xa4df0000)
 ParOldGen       total 235520K, used 194073K [0x733e0000, 0x819e0000, 0x9de90000)
  object space 235520K, 82% used [0x733e0000,0x7f166560,0x819e0000)
 PSPermGen       total 16384K, used 7430K [0x6b3e0000, 0x6c3e0000, 0x733e0000)
  object space 16384K, 45% used [0x6b3e0000,0x6bb21af8,0x6c3e0000)
}

