# JRE version: 7.0_21-b02
# Java VM: OpenJDK Server VM (23.7-b01 mixed mode linux-x86 )
Heap
 PSYoungGen      total 142848K, used 38845K [0x9def0000, 0xadcf0000, 0xb3440000)
  eden space 26368K, 7% used [0x9def0000,0x9e0fd078,0x9f8b0000)
  from space 116480K, 31% used [0xa6a70000,0xa8e52708,0xadc30000)
  to   space 116480K, 0% used [0x9f8b0000,0x9f8b0000,0xa6a70000)
 ParOldGen       total 416576K, used 287039K [0x73440000, 0x8cb10000, 0x9def0000)
  object space 416576K, 68% used [0x73440000,0x84c8fd40,0x8cb10000)
 PSPermGen       total 16384K, used 7447K [0x6b440000, 0x6c440000, 0x73440000)
  object space 16384K, 45% used [0x6b440000,0x6bb85e88,0x6c440000)
GC Heap History (10 events):
Event: 7.536 GC heap before
{Heap before GC invocations=14 (full 3):
 PSYoungGen      total 108032K, used 56804K [0x9def0000, 0xadaa0000, 0xb3440000)
  eden space 20928K, 100% used [0x9def0000,0x9f360000,0x9f360000)
  from space 87104K, 41% used [0xa5c30000,0xa7f393a0,0xab140000)
  to   space 107328K, 0% used [0x9f360000,0x9f360000,0xa5c30000)
 ParOldGen       total 287040K, used 185918K [0x73440000, 0x84c90000, 0x9def0000)
  object space 287040K, 64% used [0x73440000,0x7e9cf950,0x84c90000)
 PSPermGen       total 16384K, used 7430K [0x6b440000, 0x6c440000, 0x73440000)
  object space 16384K, 45% used [0x6b440000,0x6bb81b78,0x6c440000)
Event: 7.754 GC heap after
Heap after GC invocations=14 (full 3):
 PSYoungGen      total 67008K, used 46080K [0x9def0000, 0xabfe0000, 0xb3440000)
  eden space 20928K, 0% used [0x9def0000,0x9def0000,0x9f360000)
  from space 46080K, 100% used [0x9f360000,0xa2060000,0xa2060000)
  to   space 102848K, 0% used [0xa5b70000,0xa5b70000,0xabfe0000)
 ParOldGen       total 287040K, used 196818K [0x73440000, 0x84c90000, 0x9def0000)
  object space 287040K, 68% used [0x73440000,0x7f474950,0x84c90000)
 PSPermGen       total 16384K, used 7430K [0x6b440000, 0x6c440000, 0x73440000)
  object space 16384K, 45% used [0x6b440000,0x6bb81b78,0x6c440000)
}
Event: 8.059 GC heap before
{Heap before GC invocations=15 (full 3):
 PSYoungGen      total 67008K, used 67008K [0x9def0000, 0xabfe0000, 0xb3440000)
  eden space 20928K, 100% used [0x9def0000,0x9f360000,0x9f360000)
  from space 46080K, 100% used [0x9f360000,0xa2060000,0xa2060000)
  to   space 102848K, 0% used [0xa5b70000,0xa5b70000,0xabfe0000)
 ParOldGen       total 287040K, used 250900K [0x73440000, 0x84c90000, 0x9def0000)
  object space 287040K, 87% used [0x73440000,0x829453d8,0x84c90000)
 PSPermGen       total 16384K, used 7430K [0x6b440000, 0x6c440000, 0x73440000)
  object space 16384K, 45% used [0x6b440000,0x6bb81b78,0x6c440000)
Event: 8.277 GC heap after
Heap after GC invocations=15 (full 3):
 PSYoungGen      total 123904K, used 67008K [0x9def0000, 0xac7d0000, 0xb3440000)
  eden space 21056K, 0% used [0x9def0000,0x9def0000,0x9f380000)
  from space 102848K, 65% used [0xa5b70000,0xa9ce0000,0xabfe0000)
  to   space 106432K, 0% used [0x9f380000,0x9f380000,0xa5b70000)
 ParOldGen       total 287040K, used 250900K [0x73440000, 0x84c90000, 0x9def0000)
  object space 287040K, 87% used [0x73440000,0x829453d8,0x84c90000)
 PSPermGen       total 16384K, used 7430K [0x6b440000, 0x6c440000, 0x73440000)
  object space 16384K, 45% used [0x6b440000,0x6bb81b78,0x6c440000)
}
Event: 8.540 GC heap before
{Heap before GC invocations=16 (full 3):
 PSYoungGen      total 123904K, used 88064K [0x9def0000, 0xac7d0000, 0xb3440000)
  eden space 21056K, 100% used [0x9def0000,0x9f380000,0x9f380000)
  from space 102848K, 65% used [0xa5b70000,0xa9ce0000,0xabfe0000)
  to   space 106432K, 0% used [0x9f380000,0x9f380000,0xa5b70000)
 ParOldGen       total 287040K, used 250900K [0x73440000, 0x84c90000, 0x9def0000)
  object space 287040K, 87% used [0x73440000,0x829453d8,0x84c90000)
 PSPermGen       total 16384K, used 7430K [0x6b440000, 0x6c440000, 0x73440000)
  object space 16384K, 45% used [0x6b440000,0x6bb81b78,0x6c440000)
Event: 8.738 GC heap after
Heap after GC invocations=16 (full 3):
 PSYoungGen      total 127488K, used 88080K [0x9def0000, 0xadc30000, 0xb3440000)
  eden space 21056K, 0% used [0x9def0000,0x9def0000,0x9f380000)
  from space 106432K, 82% used [0x9f380000,0xa4984000,0xa5b70000)
  to   space 116480K, 0% used [0xa6a70000,0xa6a70000,0xadc30000)
 ParOldGen       total 287040K, used 250900K [0x73440000, 0x84c90000, 0x9def0000)
  object space 287040K, 87% used [0x73440000,0x829453d8,0x84c90000)
 PSPermGen       total 16384K, used 7430K [0x6b440000, 0x6c440000, 0x73440000)
  object space 16384K, 45% used [0x6b440000,0x6bb81b78,0x6c440000)
}
Event: 9.346 GC heap before
{Heap before GC invocations=17 (full 3):
 PSYoungGen      total 127488K, used 109136K [0x9def0000, 0xadc30000, 0xb3440000)
  eden space 21056K, 100% used [0x9def0000,0x9f380000,0x9f380000)
  from space 106432K, 82% used [0x9f380000,0xa4984000,0xa5b70000)
  to   space 116480K, 0% used [0xa6a70000,0xa6a70000,0xadc30000)
 ParOldGen       total 287040K, used 250900K [0x73440000, 0x84c90000, 0x9def0000)
  object space 287040K, 87% used [0x73440000,0x829453d8,0x84c90000)
 PSPermGen       total 16384K, used 7430K [0x6b440000, 0x6c440000, 0x73440000)
  object space 16384K, 45% used [0x6b440000,0x6bb81b78,0x6c440000)
Event: 10.275 GC heap after
Heap after GC invocations=17 (full 3):
 PSYoungGen      total 142848K, used 84112K [0x9def0000, 0xadcf0000, 0xb3440000)
  eden space 26368K, 0% used [0x9def0000,0x9def0000,0x9f8b0000)
  from space 116480K, 72% used [0xa6a70000,0xabc94000,0xadc30000)
  to   space 116480K, 0% used [0x9f8b0000,0x9f8b0000,0xa6a70000)
 ParOldGen       total 287040K, used 276048K [0x73440000, 0x84c90000, 0x9def0000)
  object space 287040K, 96% used [0x73440000,0x841d43d8,0x84c90000)
 PSPermGen       total 16384K, used 7430K [0x6b440000, 0x6c440000, 0x73440000)
  object space 16384K, 45% used [0x6b440000,0x6bb81b78,0x6c440000)
}
Event: 10.275 GC heap before
{Heap before GC invocations=18 (full 4):
 PSYoungGen      total 142848K, used 84112K [0x9def0000, 0xadcf0000, 0xb3440000)
  eden space 26368K, 0% used [0x9def0000,0x9def0000,0x9f8b0000)
  from space 116480K, 72% used [0xa6a70000,0xabc94000,0xadc30000)
  to   space 116480K, 0% used [0x9f8b0000,0x9f8b0000,0xa6a70000)
 ParOldGen       total 287040K, used 276048K [0x73440000, 0x84c90000, 0x9def0000)
  object space 287040K, 96% used [0x73440000,0x841d43d8,0x84c90000)
 PSPermGen       total 16384K, used 7430K [0x6b440000, 0x6c440000, 0x73440000)
  object space 16384K, 45% used [0x6b440000,0x6bb81b78,0x6c440000)
Event: 11.948 GC heap after
Heap after GC invocations=18 (full 4):
 PSYoungGen      total 142848K, used 36745K [0x9def0000, 0xadcf0000, 0xb3440000)
  eden space 26368K, 0% used [0x9def0000,0x9def0000,0x9f8b0000)
  from space 116480K, 31% used [0xa6a70000,0xa8e52708,0xadc30000)
  to   space 116480K, 0% used [0x9f8b0000,0x9f8b0000,0xa6a70000)
 ParOldGen       total 416576K, used 287039K [0x73440000, 0x8cb10000, 0x9def0000)
  object space 416576K, 68% used [0x73440000,0x84c8fd40,0x8cb10000)
 PSPermGen       total 16384K, used 7430K [0x6b440000, 0x6c440000, 0x73440000)
  object space 16384K, 45% used [0x6b440000,0x6bb81b78,0x6c440000)
}

