# JRE version: 7.0_21-b02
# Java VM: OpenJDK Server VM (23.7-b01 mixed mode linux-x86 )
Heap
 PSYoungGen      total 243008K, used 138697K [0x9de70000, 0xb2360000, 0xb33c0000)
  eden space 169920K, 67% used [0x9de70000,0xa4e2efe0,0xa8460000)
  from space 73088K, 33% used [0xadc00000,0xaf3b34b0,0xb2360000)
  to   space 81408K, 0% used [0xa8460000,0xa8460000,0xad3e0000)
 ParOldGen       total 67776K, used 26957K [0x733c0000, 0x775f0000, 0x9de70000)
  object space 67776K, 39% used [0x733c0000,0x74e134b8,0x775f0000)
 PSPermGen       total 18688K, used 8367K [0x6b3c0000, 0x6c600000, 0x733c0000)
  object space 18688K, 44% used [0x6b3c0000,0x6bbebce0,0x6c600000)
GC Heap History (10 events):
Event: 43.613 GC heap before
{Heap before GC invocations=28 (full 2):
 PSYoungGen      total 243968K, used 243943K [0x9de70000, 0xb31f0000, 0xb33c0000)
  eden space 198784K, 100% used [0x9de70000,0xaa090000,0xaa090000)
  from space 45184K, 99% used [0xaa090000,0xacca9f80,0xaccb0000)
  to   space 74432K, 0% used [0xae940000,0xae940000,0xb31f0000)
 ParOldGen       total 67776K, used 24682K [0x733c0000, 0x775f0000, 0x9de70000)
  object space 67776K, 36% used [0x733c0000,0x74bda898,0x775f0000)
 PSPermGen       total 18688K, used 8323K [0x6b3c0000, 0x6c600000, 0x733c0000)
  object space 18688K, 44% used [0x6b3c0000,0x6bbe0c98,0x6c600000)
Event: 43.619 GC heap after
Heap after GC invocations=28 (full 2):
 PSYoungGen      total 276160K, used 32333K [0x9de70000, 0xb33c0000, 0xb33c0000)
  eden space 201728K, 0% used [0x9de70000,0x9de70000,0xaa370000)
  from space 74432K, 43% used [0xae940000,0xb08d3480,0xb31f0000)
  to   space 71488K, 0% used [0xaa370000,0xaa370000,0xae940000)
 ParOldGen       total 67776K, used 26949K [0x733c0000, 0x775f0000, 0x9de70000)
  object space 67776K, 39% used [0x733c0000,0x74e114b8,0x775f0000)
 PSPermGen       total 18688K, used 8323K [0x6b3c0000, 0x6c600000, 0x733c0000)
  object space 18688K, 44% used [0x6b3c0000,0x6bbe0c98,0x6c600000)
}
Event: 47.079 GC heap before
{Heap before GC invocations=29 (full 2):
 PSYoungGen      total 276160K, used 234061K [0x9de70000, 0xb33c0000, 0xb33c0000)
  eden space 201728K, 100% used [0x9de70000,0xaa370000,0xaa370000)
  from space 74432K, 43% used [0xae940000,0xb08d3480,0xb31f0000)
  to   space 71488K, 0% used [0xaa370000,0xaa370000,0xae940000)
 ParOldGen       total 67776K, used 26949K [0x733c0000, 0x775f0000, 0x9de70000)
  object space 67776K, 39% used [0x733c0000,0x74e114b8,0x775f0000)
 PSPermGen       total 18688K, used 8325K [0x6b3c0000, 0x6c600000, 0x733c0000)
  object space 18688K, 44% used [0x6b3c0000,0x6bbe17c0,0x6c600000)
Event: 47.092 GC heap after
Heap after GC invocations=29 (full 2):
 PSYoungGen      total 273216K, used 54295K [0x9de70000, 0xb33c0000, 0xb33c0000)
  eden space 201728K, 0% used [0x9de70000,0x9de70000,0xaa370000)
  from space 71488K, 75% used [0xaa370000,0xad875ec0,0xae940000)
  to   space 74560K, 0% used [0xaeaf0000,0xaeaf0000,0xb33c0000)
 ParOldGen       total 67776K, used 26949K [0x733c0000, 0x775f0000, 0x9de70000)
  object space 67776K, 39% used [0x733c0000,0x74e114b8,0x775f0000)
 PSPermGen       total 18688K, used 8325K [0x6b3c0000, 0x6c600000, 0x733c0000)
  object space 18688K, 44% used [0x6b3c0000,0x6bbe17c0,0x6c600000)
}
Event: 52.217 GC heap before
{Heap before GC invocations=30 (full 2):
 PSYoungGen      total 273216K, used 256023K [0x9de70000, 0xb33c0000, 0xb33c0000)
  eden space 201728K, 100% used [0x9de70000,0xaa370000,0xaa370000)
  from space 71488K, 75% used [0xaa370000,0xad875ec0,0xae940000)
  to   space 74560K, 0% used [0xaeaf0000,0xaeaf0000,0xb33c0000)
 ParOldGen       total 67776K, used 26949K [0x733c0000, 0x775f0000, 0x9de70000)
  object space 67776K, 39% used [0x733c0000,0x74e114b8,0x775f0000)
 PSPermGen       total 18688K, used 8327K [0x6b3c0000, 0x6c600000, 0x733c0000)
  object space 18688K, 44% used [0x6b3c0000,0x6bbe1da8,0x6c600000)
Event: 52.228 GC heap after
Heap after GC invocations=30 (full 2):
 PSYoungGen      total 259840K, used 68625K [0x9de70000, 0xb33c0000, 0xb33c0000)
  eden space 185280K, 0% used [0x9de70000,0x9de70000,0xa9360000)
  from space 74560K, 92% used [0xaeaf0000,0xb2df4750,0xb33c0000)
  to   space 82112K, 0% used [0xa9360000,0xa9360000,0xae390000)
 ParOldGen       total 67776K, used 26953K [0x733c0000, 0x775f0000, 0x9de70000)
  object space 67776K, 39% used [0x733c0000,0x74e124b8,0x775f0000)
 PSPermGen       total 18688K, used 8327K [0x6b3c0000, 0x6c600000, 0x733c0000)
  object space 18688K, 44% used [0x6b3c0000,0x6bbe1da8,0x6c600000)
}
Event: 53.911 GC heap before
{Heap before GC invocations=31 (full 2):
 PSYoungGen      total 259840K, used 253905K [0x9de70000, 0xb33c0000, 0xb33c0000)
  eden space 185280K, 100% used [0x9de70000,0xa9360000,0xa9360000)
  from space 74560K, 92% used [0xaeaf0000,0xb2df4750,0xb33c0000)
  to   space 82112K, 0% used [0xa9360000,0xa9360000,0xae390000)
 ParOldGen       total 67776K, used 26953K [0x733c0000, 0x775f0000, 0x9de70000)
  object space 67776K, 39% used [0x733c0000,0x74e124b8,0x775f0000)
 PSPermGen       total 18688K, used 8328K [0x6b3c0000, 0x6c600000, 0x733c0000)
  object space 18688K, 44% used [0x6b3c0000,0x6bbe20b8,0x6c600000)
Event: 53.919 GC heap after
Heap after GC invocations=31 (full 2):
 PSYoungGen      total 230272K, used 52801K [0x9de70000, 0xb2c50000, 0xb33c0000)
  eden space 177408K, 0% used [0x9de70000,0x9de70000,0xa8bb0000)
  from space 52864K, 99% used [0xa9360000,0xac6f0450,0xac700000)
  to   space 82240K, 0% used [0xadc00000,0xadc00000,0xb2c50000)
 ParOldGen       total 67776K, used 26953K [0x733c0000, 0x775f0000, 0x9de70000)
  object space 67776K, 39% used [0x733c0000,0x74e124b8,0x775f0000)
 PSPermGen       total 18688K, used 8328K [0x6b3c0000, 0x6c600000, 0x733c0000)
  object space 18688K, 44% used [0x6b3c0000,0x6bbe20b8,0x6c600000)
}
Event: 55.636 GC heap before
{Heap before GC invocations=32 (full 2):
 PSYoungGen      total 230272K, used 229626K [0x9de70000, 0xb2c50000, 0xb33c0000)
  eden space 177408K, 99% used [0x9de70000,0xa8b1e618,0xa8bb0000)
  from space 52864K, 99% used [0xa9360000,0xac6f0450,0xac700000)
  to   space 82240K, 0% used [0xadc00000,0xadc00000,0xb2c50000)
 ParOldGen       total 67776K, used 26953K [0x733c0000, 0x775f0000, 0x9de70000)
  object space 67776K, 39% used [0x733c0000,0x74e124b8,0x775f0000)
 PSPermGen       total 18688K, used 8343K [0x6b3c0000, 0x6c600000, 0x733c0000)
  object space 18688K, 44% used [0x6b3c0000,0x6bbe5c70,0x6c600000)
Event: 55.646 GC heap after
Heap after GC invocations=32 (full 2):
 PSYoungGen      total 243008K, used 24269K [0x9de70000, 0xb2360000, 0xb33c0000)
  eden space 169920K, 0% used [0x9de70000,0x9de70000,0xa8460000)
  from space 73088K, 33% used [0xadc00000,0xaf3b34b0,0xb2360000)
  to   space 81408K, 0% used [0xa8460000,0xa8460000,0xad3e0000)
 ParOldGen       total 67776K, used 26957K [0x733c0000, 0x775f0000, 0x9de70000)
  object space 67776K, 39% used [0x733c0000,0x74e134b8,0x775f0000)
 PSPermGen       total 18688K, used 8343K [0x6b3c0000, 0x6c600000, 0x733c0000)
  object space 18688K, 44% used [0x6b3c0000,0x6bbe5c70,0x6c600000)
}

