# JRE version: 7.0_21-b02
# Java VM: OpenJDK Server VM (23.7-b01 mixed mode linux-x86 )
Heap
 PSYoungGen      total 169280K, used 3866K [0x9def0000, 0xafd80000, 0xb3440000)
  eden space 52800K, 7% used [0x9def0000,0x9e2b69d0,0xa1280000)
  from space 116480K, 0% used [0xa1280000,0xa1280000,0xa8440000)
  to   space 116480K, 0% used [0xa8bc0000,0xa8bc0000,0xafd80000)
 ParOldGen       total 351168K, used 5717K [0x73440000, 0x88b30000, 0x9def0000)
  object space 351168K, 1% used [0x73440000,0x739d55e8,0x88b30000)
 PSPermGen       total 16384K, used 7509K [0x6b440000, 0x6c440000, 0x73440000)
  object space 16384K, 45% used [0x6b440000,0x6bb95758,0x6c440000)
GC Heap History (10 events):
Event: 45.006 GC heap before
{Heap before GC invocations=30 (full 11):
 PSYoungGen      total 169280K, used 64298K [0x9def0000, 0xafd80000, 0xb3440000)
  eden space 52800K, 100% used [0x9def0000,0xa1280000,0xa1280000)
  from space 116480K, 9% used [0xa1280000,0xa1dbaa80,0xa8440000)
  to   space 116480K, 0% used [0xa8bc0000,0xa8bc0000,0xafd80000)
 ParOldGen       total 699072K, used 699071K [0x73440000, 0x9def0000, 0x9def0000)
  object space 699072K, 99% used [0x73440000,0x9deefff8,0x9def0000)
 PSPermGen       total 16384K, used 7490K [0x6b440000, 0x6c440000, 0x73440000)
  object space 16384K, 45% used [0x6b440000,0x6bb90a38,0x6c440000)
Event: 49.917 GC heap after
Heap after GC invocations=30 (full 11):
 PSYoungGen      total 169280K, used 64298K [0x9def0000, 0xafd80000, 0xb3440000)
  eden space 52800K, 100% used [0x9def0000,0xa1280000,0xa1280000)
  from space 116480K, 9% used [0xa1280000,0xa1dbaa80,0xa8440000)
  to   space 116480K, 0% used [0xa8bc0000,0xa8bc0000,0xafd80000)
 ParOldGen       total 699072K, used 699071K [0x73440000, 0x9def0000, 0x9def0000)
  object space 699072K, 99% used [0x73440000,0x9deefff8,0x9def0000)
 PSPermGen       total 16384K, used 7490K [0x6b440000, 0x6c440000, 0x73440000)
  object space 16384K, 45% used [0x6b440000,0x6bb90a38,0x6c440000)
}
Event: 49.917 GC heap before
{Heap before GC invocations=31 (full 12):
 PSYoungGen      total 169280K, used 64298K [0x9def0000, 0xafd80000, 0xb3440000)
  eden space 52800K, 100% used [0x9def0000,0xa1280000,0xa1280000)
  from space 116480K, 9% used [0xa1280000,0xa1dbaa80,0xa8440000)
  to   space 116480K, 0% used [0xa8bc0000,0xa8bc0000,0xafd80000)
 ParOldGen       total 699072K, used 699071K [0x73440000, 0x9def0000, 0x9def0000)
  object space 699072K, 99% used [0x73440000,0x9deefff8,0x9def0000)
 PSPermGen       total 16384K, used 7490K [0x6b440000, 0x6c440000, 0x73440000)
  object space 16384K, 45% used [0x6b440000,0x6bb90a38,0x6c440000)
Event: 56.096 GC heap after
Heap after GC invocations=31 (full 12):
 PSYoungGen      total 169280K, used 64124K [0x9def0000, 0xafd80000, 0xb3440000)
  eden space 52800K, 100% used [0x9def0000,0xa1280000,0xa1280000)
  from space 116480K, 9% used [0xa1280000,0xa1d8f280,0xa8440000)
  to   space 116480K, 0% used [0xa8bc0000,0xa8bc0000,0xafd80000)
 ParOldGen       total 699072K, used 699071K [0x73440000, 0x9def0000, 0x9def0000)
  object space 699072K, 99% used [0x73440000,0x9deeff28,0x9def0000)
 PSPermGen       total 16384K, used 7490K [0x6b440000, 0x6c440000, 0x73440000)
  object space 16384K, 45% used [0x6b440000,0x6bb90a38,0x6c440000)
}
Event: 56.096 GC heap before
{Heap before GC invocations=32 (full 13):
 PSYoungGen      total 169280K, used 64124K [0x9def0000, 0xafd80000, 0xb3440000)
  eden space 52800K, 100% used [0x9def0000,0xa1280000,0xa1280000)
  from space 116480K, 9% used [0xa1280000,0xa1d8f280,0xa8440000)
  to   space 116480K, 0% used [0xa8bc0000,0xa8bc0000,0xafd80000)
 ParOldGen       total 699072K, used 699072K [0x73440000, 0x9def0000, 0x9def0000)
  object space 699072K, 100% used [0x73440000,0x9def0000,0x9def0000)
 PSPermGen       total 16384K, used 7490K [0x6b440000, 0x6c440000, 0x73440000)
  object space 16384K, 45% used [0x6b440000,0x6bb90a38,0x6c440000)
Event: 62.076 GC heap after
Heap after GC invocations=32 (full 13):
 PSYoungGen      total 169280K, used 64124K [0x9def0000, 0xafd80000, 0xb3440000)
  eden space 52800K, 100% used [0x9def0000,0xa1280000,0xa1280000)
  from space 116480K, 9% used [0xa1280000,0xa1d8f280,0xa8440000)
  to   space 116480K, 0% used [0xa8bc0000,0xa8bc0000,0xafd80000)
 ParOldGen       total 699072K, used 699072K [0x73440000, 0x9def0000, 0x9def0000)
  object space 699072K, 100% used [0x73440000,0x9def0000,0x9def0000)
 PSPermGen       total 16384K, used 7490K [0x6b440000, 0x6c440000, 0x73440000)
  object space 16384K, 45% used [0x6b440000,0x6bb90a38,0x6c440000)
}
Event: 62.076 GC heap before
{Heap before GC invocations=33 (full 14):
 PSYoungGen      total 169280K, used 64124K [0x9def0000, 0xafd80000, 0xb3440000)
  eden space 52800K, 100% used [0x9def0000,0xa1280000,0xa1280000)
  from space 116480K, 9% used [0xa1280000,0xa1d8f280,0xa8440000)
  to   space 116480K, 0% used [0xa8bc0000,0xa8bc0000,0xafd80000)
 ParOldGen       total 699072K, used 699072K [0x73440000, 0x9def0000, 0x9def0000)
  object space 699072K, 100% used [0x73440000,0x9def0000,0x9def0000)
 PSPermGen       total 16384K, used 7490K [0x6b440000, 0x6c440000, 0x73440000)
  object space 16384K, 45% used [0x6b440000,0x6bb90a38,0x6c440000)
Event: 68.117 GC heap after
Heap after GC invocations=33 (full 14):
 PSYoungGen      total 169280K, used 64124K [0x9def0000, 0xafd80000, 0xb3440000)
  eden space 52800K, 100% used [0x9def0000,0xa1280000,0xa1280000)
  from space 116480K, 9% used [0xa1280000,0xa1d8f280,0xa8440000)
  to   space 116480K, 0% used [0xa8bc0000,0xa8bc0000,0xafd80000)
 ParOldGen       total 699072K, used 699072K [0x73440000, 0x9def0000, 0x9def0000)
  object space 699072K, 100% used [0x73440000,0x9def0000,0x9def0000)
 PSPermGen       total 16384K, used 7490K [0x6b440000, 0x6c440000, 0x73440000)
  object space 16384K, 45% used [0x6b440000,0x6bb90a38,0x6c440000)
}
Event: 68.117 GC heap before
{Heap before GC invocations=34 (full 15):
 PSYoungGen      total 169280K, used 64124K [0x9def0000, 0xafd80000, 0xb3440000)
  eden space 52800K, 100% used [0x9def0000,0xa1280000,0xa1280000)
  from space 116480K, 9% used [0xa1280000,0xa1d8f280,0xa8440000)
  to   space 116480K, 0% used [0xa8bc0000,0xa8bc0000,0xafd80000)
 ParOldGen       total 699072K, used 699072K [0x73440000, 0x9def0000, 0x9def0000)
  object space 699072K, 100% used [0x73440000,0x9def0000,0x9def0000)
 PSPermGen       total 16384K, used 7490K [0x6b440000, 0x6c440000, 0x73440000)
  object space 16384K, 45% used [0x6b440000,0x6bb90a38,0x6c440000)
Event: 68.230 GC heap after
Heap after GC invocations=34 (full 15):
 PSYoungGen      total 169280K, used 0K [0x9def0000, 0xafd80000, 0xb3440000)
  eden space 52800K, 0% used [0x9def0000,0x9def0000,0xa1280000)
  from space 116480K, 0% used [0xa1280000,0xa1280000,0xa8440000)
  to   space 116480K, 0% used [0xa8bc0000,0xa8bc0000,0xafd80000)
 ParOldGen       total 351168K, used 5717K [0x73440000, 0x88b30000, 0x9def0000)
  object space 351168K, 1% used [0x73440000,0x739d55e8,0x88b30000)
 PSPermGen       total 16384K, used 7490K [0x6b440000, 0x6c440000, 0x73440000)
  object space 16384K, 45% used [0x6b440000,0x6bb90a38,0x6c440000)
}

