# JRE version: 7.0_21-b02
# Java VM: OpenJDK Server VM (23.7-b01 mixed mode linux-x86 )
Heap
 PSYoungGen      total 264640K, used 91882K [0x9def0000, 0xb3440000, 0xb3440000)
  eden space 222912K, 22% used [0x9def0000,0xa0fecd80,0xab8a0000)
  from space 41728K, 99% used [0xab8a0000,0xae15db30,0xae160000)
  to   space 63616K, 0% used [0xaf620000,0xaf620000,0xb3440000)
 ParOldGen       total 71616K, used 25426K [0x73440000, 0x77a30000, 0x9def0000)
  object space 71616K, 35% used [0x73440000,0x74d149a8,0x77a30000)
 PSPermGen       total 17408K, used 8357K [0x6b440000, 0x6c540000, 0x73440000)
  object space 17408K, 48% used [0x6b440000,0x6bc69628,0x6c540000)
GC Heap History (10 events):
Event: 20.431 GC heap before
{Heap before GC invocations=23 (full 2):
 PSYoungGen      total 276992K, used 257841K [0x9def0000, 0xb2390000, 0xb3440000)
  eden space 227712K, 100% used [0x9def0000,0xabd50000,0xabd50000)
  from space 49280K, 61% used [0xaf370000,0xb10dc610,0xb2390000)
  to   space 52352K, 0% used [0xabd50000,0xabd50000,0xaf070000)
 ParOldGen       total 71616K, used 25422K [0x73440000, 0x77a30000, 0x9def0000)
  object space 71616K, 35% used [0x73440000,0x74d139a8,0x77a30000)
 PSPermGen       total 17408K, used 8323K [0x6b440000, 0x6c540000, 0x73440000)
  object space 17408K, 47% used [0x6b440000,0x6bc60d38,0x6c540000)
Event: 20.437 GC heap after
Heap after GC invocations=23 (full 2):
 PSYoungGen      total 280064K, used 38720K [0x9def0000, 0xb3440000, 0xb3440000)
  eden space 227712K, 0% used [0x9def0000,0x9def0000,0xabd50000)
  from space 52352K, 73% used [0xabd50000,0xae320250,0xaf070000)
  to   space 54272K, 0% used [0xaff40000,0xaff40000,0xb3440000)
 ParOldGen       total 71616K, used 25422K [0x73440000, 0x77a30000, 0x9def0000)
  object space 71616K, 35% used [0x73440000,0x74d139a8,0x77a30000)
 PSPermGen       total 17408K, used 8323K [0x6b440000, 0x6c540000, 0x73440000)
  object space 17408K, 47% used [0x6b440000,0x6bc60d38,0x6c540000)
}
Event: 23.060 GC heap before
{Heap before GC invocations=24 (full 2):
 PSYoungGen      total 280064K, used 266422K [0x9def0000, 0xb3440000, 0xb3440000)
  eden space 227712K, 99% used [0x9def0000,0xabd4d7b0,0xabd50000)
  from space 52352K, 73% used [0xabd50000,0xae320250,0xaf070000)
  to   space 54272K, 0% used [0xaff40000,0xaff40000,0xb3440000)
 ParOldGen       total 71616K, used 25422K [0x73440000, 0x77a30000, 0x9def0000)
  object space 71616K, 35% used [0x73440000,0x74d139a8,0x77a30000)
 PSPermGen       total 17408K, used 8323K [0x6b440000, 0x6c540000, 0x73440000)
  object space 17408K, 47% used [0x6b440000,0x6bc60dc8,0x6c540000)
Event: 23.071 GC heap after
Heap after GC invocations=24 (full 2):
 PSYoungGen      total 282304K, used 52362K [0x9def0000, 0xb3440000, 0xb3440000)
  eden space 228032K, 0% used [0x9def0000,0x9def0000,0xabda0000)
  from space 54272K, 96% used [0xaff40000,0xb3262b10,0xb3440000)
  to   space 60736K, 0% used [0xabda0000,0xabda0000,0xaf8f0000)
 ParOldGen       total 71616K, used 25422K [0x73440000, 0x77a30000, 0x9def0000)
  object space 71616K, 35% used [0x73440000,0x74d139a8,0x77a30000)
 PSPermGen       total 17408K, used 8323K [0x6b440000, 0x6c540000, 0x73440000)
  object space 17408K, 47% used [0x6b440000,0x6bc60dc8,0x6c540000)
}
Event: 25.615 GC heap before
{Heap before GC invocations=25 (full 2):
 PSYoungGen      total 282304K, used 279495K [0x9def0000, 0xb3440000, 0xb3440000)
  eden space 228032K, 99% used [0x9def0000,0xabcbf4e0,0xabda0000)
  from space 54272K, 96% used [0xaff40000,0xb3262b10,0xb3440000)
  to   space 60736K, 0% used [0xabda0000,0xabda0000,0xaf8f0000)
 ParOldGen       total 71616K, used 25422K [0x73440000, 0x77a30000, 0x9def0000)
  object space 71616K, 35% used [0x73440000,0x74d139a8,0x77a30000)
 PSPermGen       total 17408K, used 8323K [0x6b440000, 0x6c540000, 0x73440000)
  object space 17408K, 47% used [0x6b440000,0x6bc60fd0,0x6c540000)
Event: 25.621 GC heap after
Heap after GC invocations=25 (full 2):
 PSYoungGen      total 271296K, used 43225K [0x9def0000, 0xb3440000, 0xb3440000)
  eden space 228032K, 0% used [0x9def0000,0x9def0000,0xabda0000)
  from space 43264K, 99% used [0xabda0000,0xae7d6470,0xae7e0000)
  to   space 62464K, 0% used [0xaf740000,0xaf740000,0xb3440000)
 ParOldGen       total 71616K, used 25426K [0x73440000, 0x77a30000, 0x9def0000)
  object space 71616K, 35% used [0x73440000,0x74d149a8,0x77a30000)
 PSPermGen       total 17408K, used 8323K [0x6b440000, 0x6c540000, 0x73440000)
  object space 17408K, 47% used [0x6b440000,0x6bc60fd0,0x6c540000)
}
Event: 28.123 GC heap before
{Heap before GC invocations=26 (full 2):
 PSYoungGen      total 271296K, used 271257K [0x9def0000, 0xb3440000, 0xb3440000)
  eden space 228032K, 100% used [0x9def0000,0xabda0000,0xabda0000)
  from space 43264K, 99% used [0xabda0000,0xae7d6470,0xae7e0000)
  to   space 62464K, 0% used [0xaf740000,0xaf740000,0xb3440000)
 ParOldGen       total 71616K, used 25426K [0x73440000, 0x77a30000, 0x9def0000)
  object space 71616K, 35% used [0x73440000,0x74d149a8,0x77a30000)
 PSPermGen       total 17408K, used 8324K [0x6b440000, 0x6c540000, 0x73440000)
  object space 17408K, 47% used [0x6b440000,0x6bc61218,0x6c540000)
Event: 28.134 GC heap after
Heap after GC invocations=26 (full 2):
 PSYoungGen      total 285376K, used 42193K [0x9def0000, 0xb3440000, 0xb3440000)
  eden space 222912K, 0% used [0x9def0000,0x9def0000,0xab8a0000)
  from space 62464K, 67% used [0xaf740000,0xb2074660,0xb3440000)
  to   space 63296K, 0% used [0xab8a0000,0xab8a0000,0xaf670000)
 ParOldGen       total 71616K, used 25426K [0x73440000, 0x77a30000, 0x9def0000)
  object space 71616K, 35% used [0x73440000,0x74d149a8,0x77a30000)
 PSPermGen       total 17408K, used 8324K [0x6b440000, 0x6c540000, 0x73440000)
  object space 17408K, 47% used [0x6b440000,0x6bc61218,0x6c540000)
}
Event: 30.316 GC heap before
{Heap before GC invocations=27 (full 2):
 PSYoungGen      total 285376K, used 265105K [0x9def0000, 0xb3440000, 0xb3440000)
  eden space 222912K, 100% used [0x9def0000,0xab8a0000,0xab8a0000)
  from space 62464K, 67% used [0xaf740000,0xb2074660,0xb3440000)
  to   space 63296K, 0% used [0xab8a0000,0xab8a0000,0xaf670000)
 ParOldGen       total 71616K, used 25426K [0x73440000, 0x77a30000, 0x9def0000)
  object space 71616K, 35% used [0x73440000,0x74d149a8,0x77a30000)
 PSPermGen       total 17408K, used 8325K [0x6b440000, 0x6c540000, 0x73440000)
  object space 17408K, 47% used [0x6b440000,0x6bc61620,0x6c540000)
Event: 30.323 GC heap after
Heap after GC invocations=27 (full 2):
 PSYoungGen      total 264640K, used 41718K [0x9def0000, 0xb3440000, 0xb3440000)
  eden space 222912K, 0% used [0x9def0000,0x9def0000,0xab8a0000)
  from space 41728K, 99% used [0xab8a0000,0xae15db30,0xae160000)
  to   space 63616K, 0% used [0xaf620000,0xaf620000,0xb3440000)
 ParOldGen       total 71616K, used 25426K [0x73440000, 0x77a30000, 0x9def0000)
  object space 71616K, 35% used [0x73440000,0x74d149a8,0x77a30000)
 PSPermGen       total 17408K, used 8325K [0x6b440000, 0x6c540000, 0x73440000)
  object space 17408K, 47% used [0x6b440000,0x6bc61620,0x6c540000)
}

