# JRE version: 7.0_21-b02
# Java VM: OpenJDK Server VM (23.7-b01 mixed mode linux-x86 )
Heap
 PSYoungGen      total 113408K, used 85831K [0x9ded0000, 0xab600000, 0xb3420000)
  eden space 35136K, 45% used [0x9ded0000,0x9ee71e48,0xa0120000)
  from space 78272K, 89% used [0xa0120000,0xa4550000,0xa4d90000)
  to   space 87680K, 0% used [0xa6060000,0xa6060000,0xab600000)
 ParOldGen       total 289600K, used 252075K [0x73420000, 0x84ef0000, 0x9ded0000)
  object space 289600K, 87% used [0x73420000,0x82a4af80,0x84ef0000)
 PSPermGen       total 16384K, used 7447K [0x6b420000, 0x6c420000, 0x73420000)
  object space 16384K, 45% used [0x6b420000,0x6bb65dc0,0x6c420000)
GC Heap History (10 events):
Event: 2.997 GC heap before
{Heap before GC invocations=10 (full 2):
 PSYoungGen      total 70784K, used 70776K [0x9ded0000, 0xa6ca0000, 0xb3420000)
  eden space 32384K, 100% used [0x9ded0000,0x9fe70000,0x9fe70000)
  from space 38400K, 99% used [0x9fe70000,0xa23ee1f8,0xa23f0000)
  to   space 53056K, 0% used [0xa38d0000,0xa38d0000,0xa6ca0000)
 ParOldGen       total 133952K, used 92275K [0x73420000, 0x7b6f0000, 0x9ded0000)
  object space 133952K, 68% used [0x73420000,0x78e3ce30,0x7b6f0000)
 PSPermGen       total 16896K, used 7430K [0x6b420000, 0x6c4a0000, 0x73420000)
  object space 16896K, 43% used [0x6b420000,0x6bb61ab0,0x6c4a0000)
Event: 3.194 GC heap after
Heap after GC invocations=10 (full 2):
 PSYoungGen      total 81344K, used 53056K [0x9ded0000, 0xa84f0000, 0xb3420000)
  eden space 28288K, 0% used [0x9ded0000,0x9ded0000,0x9fa70000)
  from space 53056K, 100% used [0xa38d0000,0xa6ca0000,0xa6ca0000)
  to   space 63872K, 0% used [0x9fa70000,0x9fa70000,0xa38d0000)
 ParOldGen       total 133952K, used 94087K [0x73420000, 0x7b6f0000, 0x9ded0000)
  object space 133952K, 70% used [0x73420000,0x79001e30,0x7b6f0000)
 PSPermGen       total 16896K, used 7430K [0x6b420000, 0x6c4a0000, 0x73420000)
  object space 16896K, 43% used [0x6b420000,0x6bb61ab0,0x6c4a0000)
}
Event: 3.547 GC heap before
{Heap before GC invocations=11 (full 2):
 PSYoungGen      total 81344K, used 81344K [0x9ded0000, 0xa84f0000, 0xb3420000)
  eden space 28288K, 100% used [0x9ded0000,0x9fa70000,0x9fa70000)
  from space 53056K, 100% used [0xa38d0000,0xa6ca0000,0xa6ca0000)
  to   space 63872K, 0% used [0x9fa70000,0x9fa70000,0xa38d0000)
 ParOldGen       total 133952K, used 94087K [0x73420000, 0x7b6f0000, 0x9ded0000)
  object space 133952K, 70% used [0x73420000,0x79001e30,0x7b6f0000)
 PSPermGen       total 16896K, used 7430K [0x6b420000, 0x6c4a0000, 0x73420000)
  object space 16896K, 43% used [0x6b420000,0x6bb61ab0,0x6c4a0000)
Event: 4.322 GC heap after
Heap after GC invocations=11 (full 2):
 PSYoungGen      total 92160K, used 63872K [0x9ded0000, 0xaa2d0000, 0xb3420000)
  eden space 28288K, 0% used [0x9ded0000,0x9ded0000,0x9fa70000)
  from space 63872K, 100% used [0x9fa70000,0xa38d0000,0xa38d0000)
  to   space 82240K, 0% used [0xa5280000,0xa5280000,0xaa2d0000)
 ParOldGen       total 133952K, used 111651K [0x73420000, 0x7b6f0000, 0x9ded0000)
  object space 133952K, 83% used [0x73420000,0x7a128e30,0x7b6f0000)
 PSPermGen       total 16896K, used 7430K [0x6b420000, 0x6c4a0000, 0x73420000)
  object space 16896K, 43% used [0x6b420000,0x6bb61ab0,0x6c4a0000)
}
Event: 4.322 GC heap before
{Heap before GC invocations=12 (full 3):
 PSYoungGen      total 92160K, used 63872K [0x9ded0000, 0xaa2d0000, 0xb3420000)
  eden space 28288K, 0% used [0x9ded0000,0x9ded0000,0x9fa70000)
  from space 63872K, 100% used [0x9fa70000,0xa38d0000,0xa38d0000)
  to   space 82240K, 0% used [0xa5280000,0xa5280000,0xaa2d0000)
 ParOldGen       total 133952K, used 111651K [0x73420000, 0x7b6f0000, 0x9ded0000)
  object space 133952K, 83% used [0x73420000,0x7a128e30,0x7b6f0000)
 PSPermGen       total 16896K, used 7430K [0x6b420000, 0x6c4a0000, 0x73420000)
  object space 16896K, 43% used [0x6b420000,0x6bb61ab0,0x6c4a0000)
Event: 5.825 GC heap after
Heap after GC invocations=12 (full 3):
 PSYoungGen      total 92160K, used 34124K [0x9ded0000, 0xaa2d0000, 0xb3420000)
  eden space 28288K, 0% used [0x9ded0000,0x9ded0000,0x9fa70000)
  from space 63872K, 53% used [0x9fa70000,0xa1bc3280,0xa38d0000)
  to   space 82240K, 0% used [0xa5280000,0xa5280000,0xaa2d0000)
 ParOldGen       total 235456K, used 133950K [0x73420000, 0x81a10000, 0x9ded0000)
  object space 235456K, 56% used [0x73420000,0x7b6ef898,0x81a10000)
 PSPermGen       total 16384K, used 7430K [0x6b420000, 0x6c420000, 0x73420000)
  object space 16384K, 45% used [0x6b420000,0x6bb61ab0,0x6c420000)
}
Event: 6.234 GC heap before
{Heap before GC invocations=13 (full 3):
 PSYoungGen      total 92160K, used 62412K [0x9ded0000, 0xaa2d0000, 0xb3420000)
  eden space 28288K, 100% used [0x9ded0000,0x9fa70000,0x9fa70000)
  from space 63872K, 53% used [0x9fa70000,0xa1bc3280,0xa38d0000)
  to   space 82240K, 0% used [0xa5280000,0xa5280000,0xaa2d0000)
 ParOldGen       total 235456K, used 170005K [0x73420000, 0x81a10000, 0x9ded0000)
  object space 235456K, 72% used [0x73420000,0x7da254f8,0x81a10000)
 PSPermGen       total 16384K, used 7430K [0x6b420000, 0x6c420000, 0x73420000)
  object space 16384K, 45% used [0x6b420000,0x6bb61ab0,0x6c420000)
Event: 6.397 GC heap after
Heap after GC invocations=13 (full 3):
 PSYoungGen      total 108352K, used 34640K [0x9ded0000, 0xa9a00000, 0xb3420000)
  eden space 35136K, 0% used [0x9ded0000,0x9ded0000,0xa0120000)
  from space 73216K, 47% used [0xa5280000,0xa7454000,0xa9a00000)
  to   space 78272K, 0% used [0xa0120000,0xa0120000,0xa4d90000)
 ParOldGen       total 235456K, used 197993K [0x73420000, 0x81a10000, 0x9ded0000)
  object space 235456K, 84% used [0x73420000,0x7f57a4f8,0x81a10000)
 PSPermGen       total 16384K, used 7430K [0x6b420000, 0x6c420000, 0x73420000)
  object space 16384K, 45% used [0x6b420000,0x6bb61ab0,0x6c420000)
}
Event: 7.072 GC heap before
{Heap before GC invocations=14 (full 3):
 PSYoungGen      total 108352K, used 69776K [0x9ded0000, 0xa9a00000, 0xb3420000)
  eden space 35136K, 100% used [0x9ded0000,0xa0120000,0xa0120000)
  from space 73216K, 47% used [0xa5280000,0xa7454000,0xa9a00000)
  to   space 78272K, 0% used [0xa0120000,0xa0120000,0xa4d90000)
 ParOldGen       total 235456K, used 197993K [0x73420000, 0x81a10000, 0x9ded0000)
  object space 235456K, 84% used [0x73420000,0x7f57a4f8,0x81a10000)
 PSPermGen       total 16384K, used 7430K [0x6b420000, 0x6c420000, 0x73420000)
  object space 16384K, 45% used [0x6b420000,0x6bb61ab0,0x6c420000)
Event: 7.784 GC heap after
Heap after GC invocations=14 (full 3):
 PSYoungGen      total 113408K, used 69824K [0x9ded0000, 0xab600000, 0xb3420000)
  eden space 35136K, 0% used [0x9ded0000,0x9ded0000,0xa0120000)
  from space 78272K, 89% used [0xa0120000,0xa4550000,0xa4d90000)
  to   space 87680K, 0% used [0xa6060000,0xa6060000,0xab600000)
 ParOldGen       total 235456K, used 197993K [0x73420000, 0x81a10000, 0x9ded0000)
  object space 235456K, 84% used [0x73420000,0x7f57a4f8,0x81a10000)
 PSPermGen       total 16384K, used 7430K [0x6b420000, 0x6c420000, 0x73420000)
  object space 16384K, 45% used [0x6b420000,0x6bb61ab0,0x6c420000)
}

