# JRE version: 7.0_21-b02
# Java VM: OpenJDK Server VM (23.7-b01 mixed mode linux-x86 )
Heap
 PSYoungGen      total 349376K, used 319408K [0x9def0000, 0xb3440000, 0xb3440000)
  eden space 349248K, 91% used [0x9def0000,0xb16c7b00,0xb3400000)
  from space 128K, 63% used [0xb3420000,0xb34346d0,0xb3440000)
  to   space 128K, 0% used [0xb3400000,0xb3400000,0xb3420000)
 ParOldGen       total 71872K, used 11371K [0x73440000, 0x77a70000, 0x9def0000)
  object space 71872K, 15% used [0x73440000,0x73f5af88,0x77a70000)
 PSPermGen       total 16384K, used 7708K [0x6b440000, 0x6c440000, 0x73440000)
  object space 16384K, 47% used [0x6b440000,0x6bbc70a8,0x6c440000)
GC Heap History (10 events):
Event: 60.462 GC heap before
{Heap before GC invocations=557 (full 3):
 PSYoungGen      total 349312K, used 349185K [0x9def0000, 0xb3440000, 0xb3440000)
  eden space 349120K, 100% used [0x9def0000,0xb33e0000,0xb33e0000)
  from space 192K, 34% used [0xb33e0000,0xb33f06d0,0xb3410000)
  to   space 192K, 0% used [0xb3410000,0xb3410000,0xb3440000)
 ParOldGen       total 71872K, used 11371K [0x73440000, 0x77a70000, 0x9def0000)
  object space 71872K, 15% used [0x73440000,0x73f5af88,0x77a70000)
 PSPermGen       total 16384K, used 7664K [0x6b440000, 0x6c440000, 0x73440000)
  object space 16384K, 46% used [0x6b440000,0x6bbbc2e8,0x6c440000)
Event: 60.464 GC heap after
Heap after GC invocations=557 (full 3):
 PSYoungGen      total 349312K, used 32K [0x9def0000, 0xb3440000, 0xb3440000)
  eden space 349120K, 0% used [0x9def0000,0x9def0000,0xb33e0000)
  from space 192K, 16% used [0xb3410000,0xb3418000,0xb3440000)
  to   space 192K, 0% used [0xb33e0000,0xb33e0000,0xb3410000)
 ParOldGen       total 71872K, used 11371K [0x73440000, 0x77a70000, 0x9def0000)
  object space 71872K, 15% used [0x73440000,0x73f5af88,0x77a70000)
 PSPermGen       total 16384K, used 7664K [0x6b440000, 0x6c440000, 0x73440000)
  object space 16384K, 46% used [0x6b440000,0x6bbbc2e8,0x6c440000)
}
Event: 60.749 GC heap before
{Heap before GC invocations=558 (full 3):
 PSYoungGen      total 349312K, used 349152K [0x9def0000, 0xb3440000, 0xb3440000)
  eden space 349120K, 100% used [0x9def0000,0xb33e0000,0xb33e0000)
  from space 192K, 16% used [0xb3410000,0xb3418000,0xb3440000)
  to   space 192K, 0% used [0xb33e0000,0xb33e0000,0xb3410000)
 ParOldGen       total 71872K, used 11371K [0x73440000, 0x77a70000, 0x9def0000)
  object space 71872K, 15% used [0x73440000,0x73f5af88,0x77a70000)
 PSPermGen       total 16384K, used 7664K [0x6b440000, 0x6c440000, 0x73440000)
  object space 16384K, 46% used [0x6b440000,0x6bbbc2e8,0x6c440000)
Event: 60.751 GC heap after
Heap after GC invocations=558 (full 3):
 PSYoungGen      total 349312K, used 49K [0x9def0000, 0xb3440000, 0xb3440000)
  eden space 349120K, 0% used [0x9def0000,0x9def0000,0xb33e0000)
  from space 192K, 25% used [0xb33e0000,0xb33ec6d0,0xb3410000)
  to   space 192K, 0% used [0xb3410000,0xb3410000,0xb3440000)
 ParOldGen       total 71872K, used 11371K [0x73440000, 0x77a70000, 0x9def0000)
  object space 71872K, 15% used [0x73440000,0x73f5af88,0x77a70000)
 PSPermGen       total 16384K, used 7664K [0x6b440000, 0x6c440000, 0x73440000)
  object space 16384K, 46% used [0x6b440000,0x6bbbc2e8,0x6c440000)
}
Event: 61.040 GC heap before
{Heap before GC invocations=559 (full 3):
 PSYoungGen      total 349312K, used 349169K [0x9def0000, 0xb3440000, 0xb3440000)
  eden space 349120K, 100% used [0x9def0000,0xb33e0000,0xb33e0000)
  from space 192K, 25% used [0xb33e0000,0xb33ec6d0,0xb3410000)
  to   space 192K, 0% used [0xb3410000,0xb3410000,0xb3440000)
 ParOldGen       total 71872K, used 11371K [0x73440000, 0x77a70000, 0x9def0000)
  object space 71872K, 15% used [0x73440000,0x73f5af88,0x77a70000)
 PSPermGen       total 16384K, used 7664K [0x6b440000, 0x6c440000, 0x73440000)
  object space 16384K, 46% used [0x6b440000,0x6bbbc2e8,0x6c440000)
Event: 61.041 GC heap after
Heap after GC invocations=559 (full 3):
 PSYoungGen      total 349248K, used 65K [0x9def0000, 0xb3430000, 0xb3440000)
  eden space 349120K, 0% used [0x9def0000,0x9def0000,0xb33e0000)
  from space 128K, 51% used [0xb3410000,0xb34206d0,0xb3430000)
  to   space 128K, 0% used [0xb33f0000,0xb33f0000,0xb3410000)
 ParOldGen       total 71872K, used 11371K [0x73440000, 0x77a70000, 0x9def0000)
  object space 71872K, 15% used [0x73440000,0x73f5af88,0x77a70000)
 PSPermGen       total 16384K, used 7664K [0x6b440000, 0x6c440000, 0x73440000)
  object space 16384K, 46% used [0x6b440000,0x6bbbc2e8,0x6c440000)
}
Event: 61.332 GC heap before
{Heap before GC invocations=560 (full 3):
 PSYoungGen      total 349248K, used 349185K [0x9def0000, 0xb3430000, 0xb3440000)
  eden space 349120K, 100% used [0x9def0000,0xb33e0000,0xb33e0000)
  from space 128K, 51% used [0xb3410000,0xb34206d0,0xb3430000)
  to   space 128K, 0% used [0xb33f0000,0xb33f0000,0xb3410000)
 ParOldGen       total 71872K, used 11371K [0x73440000, 0x77a70000, 0x9def0000)
  object space 71872K, 15% used [0x73440000,0x73f5af88,0x77a70000)
 PSPermGen       total 16384K, used 7664K [0x6b440000, 0x6c440000, 0x73440000)
  object space 16384K, 46% used [0x6b440000,0x6bbbc2e8,0x6c440000)
Event: 61.334 GC heap after
Heap after GC invocations=560 (full 3):
 PSYoungGen      total 349312K, used 49K [0x9def0000, 0xb3440000, 0xb3440000)
  eden space 349184K, 0% used [0x9def0000,0x9def0000,0xb33f0000)
  from space 128K, 38% used [0xb33f0000,0xb33fc6d0,0xb3410000)
  to   space 128K, 0% used [0xb3420000,0xb3420000,0xb3440000)
 ParOldGen       total 71872K, used 11371K [0x73440000, 0x77a70000, 0x9def0000)
  object space 71872K, 15% used [0x73440000,0x73f5af88,0x77a70000)
 PSPermGen       total 16384K, used 7664K [0x6b440000, 0x6c440000, 0x73440000)
  object space 16384K, 46% used [0x6b440000,0x6bbbc2e8,0x6c440000)
}
Event: 61.428 GC heap before
{Heap before GC invocations=561 (full 3):
 PSYoungGen      total 349312K, used 349233K [0x9def0000, 0xb3440000, 0xb3440000)
  eden space 349184K, 100% used [0x9def0000,0xb33f0000,0xb33f0000)
  from space 128K, 38% used [0xb33f0000,0xb33fc6d0,0xb3410000)
  to   space 128K, 0% used [0xb3420000,0xb3420000,0xb3440000)
 ParOldGen       total 71872K, used 11371K [0x73440000, 0x77a70000, 0x9def0000)
  object space 71872K, 15% used [0x73440000,0x73f5af88,0x77a70000)
 PSPermGen       total 16384K, used 7664K [0x6b440000, 0x6c440000, 0x73440000)
  object space 16384K, 46% used [0x6b440000,0x6bbbc2e8,0x6c440000)
Event: 61.430 GC heap after
Heap after GC invocations=561 (full 3):
 PSYoungGen      total 349376K, used 81K [0x9def0000, 0xb3440000, 0xb3440000)
  eden space 349248K, 0% used [0x9def0000,0x9def0000,0xb3400000)
  from space 128K, 63% used [0xb3420000,0xb34346d0,0xb3440000)
  to   space 128K, 0% used [0xb3400000,0xb3400000,0xb3420000)
 ParOldGen       total 71872K, used 11371K [0x73440000, 0x77a70000, 0x9def0000)
  object space 71872K, 15% used [0x73440000,0x73f5af88,0x77a70000)
 PSPermGen       total 16384K, used 7664K [0x6b440000, 0x6c440000, 0x73440000)
  object space 16384K, 46% used [0x6b440000,0x6bbbc2e8,0x6c440000)
}

